<?xml version="1.0" encoding="UTF-8" ?>
<testsuite tests="1" failures="1" name="com.niit.binder.junit.test.ForumJUnitTestCase" time="5.529" errors="0" skipped="0">
  <properties>
[...]
</properties>
  <testcase classname="com.niit.binder.junit.test.ForumJUnitTestCase" name="listForum" time="5.529">
    <failure message="expected:&lt;6&gt; but was:&lt;1&gt;" type="java.lang.AssertionError">java.lang.AssertionError: expected:&lt;6&gt; but was:&lt;1&gt;
	at org.junit.Assert.fail(Assert.java:88)
	at org.junit.Assert.failNotEquals(Assert.java:834)
	at org.junit.Assert.assertEquals(Assert.java:645)
	at org.junit.Assert.assertEquals(Assert.java:631)
	at com.niit.binder.junit.test.ForumJUnitTestCase.listForum(ForumJUnitTestCase.java:38)
	at sun.reflect.NativeMethodAccessorImpl.invoke0(Native Method)
	at sun.reflect.NativeMethodAccessorImpl.invoke(NativeMethodAccessorImpl.java:62)
	at sun.reflect.DelegatingMethodAccessorImpl.invoke(DelegatingMethodAccessorImpl.java:43)
	at java.lang.reflect.Method.invoke(Method.java:498)
	at org.junit.runners.model.FrameworkMethod$1.runReflectiveCall(FrameworkMethod.java:50)
	at org.junit.internal.runners.model.ReflectiveCallable.run(ReflectiveCallable.java:12)
	at org.junit.runners.model.FrameworkMethod.invokeExplosively(FrameworkMethod.java:47)
	at org.junit.internal.runners.statements.InvokeMethod.evaluate(InvokeMethod.java:17)
	at org.junit.internal.runners.statements.RunBefores.evaluate(RunBefores.java:26)
	at org.junit.runners.ParentRunner.runLeaf(ParentRunner.java:325)
	at org.junit.runners.BlockJUnit4ClassRunner.runChild(BlockJUnit4ClassRunner.java:78)
	at org.junit.runners.BlockJUnit4ClassRunner.runChild(BlockJUnit4ClassRunner.java:57)
	at org.junit.runners.ParentRunner$3.run(ParentRunner.java:290)
	at org.junit.runners.ParentRunner$1.schedule(ParentRunner.java:71)
	at org.junit.runners.ParentRunner.runChildren(ParentRunner.java:288)
	at org.junit.runners.ParentRunner.access$000(ParentRunner.java:58)
	at org.junit.runners.ParentRunner$2.evaluate(ParentRunner.java:268)
	at org.junit.runners.ParentRunner.run(ParentRunner.java:363)
	at org.apache.maven.surefire.junit4.JUnit4Provider.execute(JUnit4Provider.java:252)
	at org.apache.maven.surefire.junit4.JUnit4Provider.executeTestSet(JUnit4Provider.java:141)
	at org.apache.maven.surefire.junit4.JUnit4Provider.invoke(JUnit4Provider.java:112)
	at sun.reflect.NativeMethodAccessorImpl.invoke0(Native Method)
	at sun.reflect.NativeMethodAccessorImpl.invoke(NativeMethodAccessorImpl.java:62)
	at sun.reflect.DelegatingMethodAccessorImpl.invoke(DelegatingMethodAccessorImpl.java:43)
	at java.lang.reflect.Method.invoke(Method.java:498)
	at org.apache.maven.surefire.util.ReflectionUtils.invokeMethodWithArray(ReflectionUtils.java:189)
	at org.apache.maven.surefire.booter.ProviderFactory$ProviderProxy.invoke(ProviderFactory.java:165)
	at org.apache.maven.surefire.booter.ProviderFactory.invokeProvider(ProviderFactory.java:85)
	at org.apache.maven.surefire.booter.ForkedBooter.runSuitesInProcess(ForkedBooter.java:115)
	at org.apache.maven.surefire.booter.ForkedBooter.main(ForkedBooter.java:75)
</failure>
    <system-out>2016-11-04 04:25:18 DEBUG StandardEnvironment:109 - Adding [systemProperties] PropertySource with lowest search precedence
2016-11-04 04:25:18 DEBUG StandardEnvironment:109 - Adding [systemEnvironment] PropertySource with lowest search precedence
2016-11-04 04:25:18 DEBUG StandardEnvironment:127 - Initialized StandardEnvironment with PropertySources [systemProperties,systemEnvironment]
2016-11-04 04:25:18 DEBUG PathMatchingResourcePatternResolver:317 - Resolved classpath location [com/niit/] to resources [URL [file:/D:/project/BinderServer/target/test-classes/com/niit/], URL [file:/D:/project/BinderServer/target/classes/com/niit/]]
2016-11-04 04:25:18 DEBUG PathMatchingResourcePatternResolver:711 - Looking for matching resources in directory tree [D:\project\BinderServer\target\test-classes\com\niit]
2016-11-04 04:25:18 DEBUG PathMatchingResourcePatternResolver:773 - Searching directory [D:\project\BinderServer\target\test-classes\com\niit] for files matching pattern [D:/project/BinderServer/target/test-classes/com/niit/**/*.class]
2016-11-04 04:25:18 DEBUG PathMatchingResourcePatternResolver:773 - Searching directory [D:\project\BinderServer\target\test-classes\com\niit\binder] for files matching pattern [D:/project/BinderServer/target/test-classes/com/niit/**/*.class]
2016-11-04 04:25:18 DEBUG PathMatchingResourcePatternResolver:773 - Searching directory [D:\project\BinderServer\target\test-classes\com\niit\binder\junit] for files matching pattern [D:/project/BinderServer/target/test-classes/com/niit/**/*.class]
2016-11-04 04:25:18 DEBUG PathMatchingResourcePatternResolver:773 - Searching directory [D:\project\BinderServer\target\test-classes\com\niit\binder\junit\test] for files matching pattern [D:/project/BinderServer/target/test-classes/com/niit/**/*.class]
2016-11-04 04:25:18 DEBUG PathMatchingResourcePatternResolver:773 - Searching directory [D:\project\BinderServer\target\test-classes\com\niit\binder\test] for files matching pattern [D:/project/BinderServer/target/test-classes/com/niit/**/*.class]
2016-11-04 04:25:18 DEBUG PathMatchingResourcePatternResolver:711 - Looking for matching resources in directory tree [D:\project\BinderServer\target\classes\com\niit]
2016-11-04 04:25:18 DEBUG PathMatchingResourcePatternResolver:773 - Searching directory [D:\project\BinderServer\target\classes\com\niit] for files matching pattern [D:/project/BinderServer/target/classes/com/niit/**/*.class]
2016-11-04 04:25:18 DEBUG PathMatchingResourcePatternResolver:773 - Searching directory [D:\project\BinderServer\target\classes\com\niit\binder] for files matching pattern [D:/project/BinderServer/target/classes/com/niit/**/*.class]
2016-11-04 04:25:18 DEBUG PathMatchingResourcePatternResolver:773 - Searching directory [D:\project\BinderServer\target\classes\com\niit\binder\config] for files matching pattern [D:/project/BinderServer/target/classes/com/niit/**/*.class]
2016-11-04 04:25:18 DEBUG PathMatchingResourcePatternResolver:773 - Searching directory [D:\project\BinderServer\target\classes\com\niit\binder\controller] for files matching pattern [D:/project/BinderServer/target/classes/com/niit/**/*.class]
2016-11-04 04:25:18 DEBUG PathMatchingResourcePatternResolver:773 - Searching directory [D:\project\BinderServer\target\classes\com\niit\binder\dao] for files matching pattern [D:/project/BinderServer/target/classes/com/niit/**/*.class]
2016-11-04 04:25:18 DEBUG PathMatchingResourcePatternResolver:773 - Searching directory [D:\project\BinderServer\target\classes\com\niit\binder\dao\impl] for files matching pattern [D:/project/BinderServer/target/classes/com/niit/**/*.class]
2016-11-04 04:25:18 DEBUG PathMatchingResourcePatternResolver:773 - Searching directory [D:\project\BinderServer\target\classes\com\niit\binder\model] for files matching pattern [D:/project/BinderServer/target/classes/com/niit/**/*.class]
2016-11-04 04:25:18 DEBUG PathMatchingResourcePatternResolver:483 - Resolved location pattern [classpath*:com/niit/**/*.class] to resources [file [D:\project\BinderServer\target\test-classes\com\niit\binder\junit\test\BlogJUnitTestCase.class], file [D:\project\BinderServer\target\test-classes\com\niit\binder\junit\test\ForumJUnitTestCase.class], file [D:\project\BinderServer\target\test-classes\com\niit\binder\junit\test\JobJUnitTestCase.class], file [D:\project\BinderServer\target\test-classes\com\niit\binder\junit\test\UserJUnitTestCase.class], file [D:\project\BinderServer\target\test-classes\com\niit\binder\test\UserTestCase.class], file [D:\project\BinderServer\target\classes\com\niit\binder\config\ApplicationContextConfig.class], file [D:\project\BinderServer\target\classes\com\niit\binder\controller\BlogController.class], file [D:\project\BinderServer\target\classes\com\niit\binder\controller\EventController.class], file [D:\project\BinderServer\target\classes\com\niit\binder\controller\ForumCommentController.class], file [D:\project\BinderServer\target\classes\com\niit\binder\controller\ForumController.class], file [D:\project\BinderServer\target\classes\com\niit\binder\controller\FriendController.class], file [D:\project\BinderServer\target\classes\com\niit\binder\controller\JobController.class], file [D:\project\BinderServer\target\classes\com\niit\binder\controller\MyController.class], file [D:\project\BinderServer\target\classes\com\niit\binder\controller\UserController.class], file [D:\project\BinderServer\target\classes\com\niit\binder\dao\BlogDAO.class], file [D:\project\BinderServer\target\classes\com\niit\binder\dao\ChatDAO.class], file [D:\project\BinderServer\target\classes\com\niit\binder\dao\EventDAO.class], file [D:\project\BinderServer\target\classes\com\niit\binder\dao\ForumCommentDAO.class], file [D:\project\BinderServer\target\classes\com\niit\binder\dao\ForumDAO.class], file [D:\project\BinderServer\target\classes\com\niit\binder\dao\FriendDAO.class], file [D:\project\BinderServer\target\classes\com\niit\binder\dao\impl\BlogDAOImpl.class], file [D:\project\BinderServer\target\classes\com\niit\binder\dao\impl\ChatDAOImpl.class], file [D:\project\BinderServer\target\classes\com\niit\binder\dao\impl\EventDAOImpl.class], file [D:\project\BinderServer\target\classes\com\niit\binder\dao\impl\ForumCommentDAOImpl.class], file [D:\project\BinderServer\target\classes\com\niit\binder\dao\impl\ForumDAOImpl.class], file [D:\project\BinderServer\target\classes\com\niit\binder\dao\impl\FriendDAOImpl.class], file [D:\project\BinderServer\target\classes\com\niit\binder\dao\impl\JobDAOImpl.class], file [D:\project\BinderServer\target\classes\com\niit\binder\dao\impl\UserDAOImpl.class], file [D:\project\BinderServer\target\classes\com\niit\binder\dao\JobDAO.class], file [D:\project\BinderServer\target\classes\com\niit\binder\dao\UserDAO.class], file [D:\project\BinderServer\target\classes\com\niit\binder\model\BaseDomain.class], file [D:\project\BinderServer\target\classes\com\niit\binder\model\Blog.class], file [D:\project\BinderServer\target\classes\com\niit\binder\model\Chat.class], file [D:\project\BinderServer\target\classes\com\niit\binder\model\Event.class], file [D:\project\BinderServer\target\classes\com\niit\binder\model\Forum.class], file [D:\project\BinderServer\target\classes\com\niit\binder\model\ForumComment.class], file [D:\project\BinderServer\target\classes\com\niit\binder\model\Friend.class], file [D:\project\BinderServer\target\classes\com\niit\binder\model\Job.class], file [D:\project\BinderServer\target\classes\com\niit\binder\model\JobApplication.class], file [D:\project\BinderServer\target\classes\com\niit\binder\model\Users.class]]
2016-11-04 04:25:18 DEBUG ClassPathBeanDefinitionScanner:286 - Identified candidate component class: file [D:\project\BinderServer\target\classes\com\niit\binder\config\ApplicationContextConfig.class]
2016-11-04 04:25:18 DEBUG ClassPathBeanDefinitionScanner:286 - Identified candidate component class: file [D:\project\BinderServer\target\classes\com\niit\binder\controller\BlogController.class]
2016-11-04 04:25:18 DEBUG ClassPathBeanDefinitionScanner:286 - Identified candidate component class: file [D:\project\BinderServer\target\classes\com\niit\binder\controller\EventController.class]
2016-11-04 04:25:18 DEBUG ClassPathBeanDefinitionScanner:286 - Identified candidate component class: file [D:\project\BinderServer\target\classes\com\niit\binder\controller\ForumCommentController.class]
2016-11-04 04:25:18 DEBUG ClassPathBeanDefinitionScanner:286 - Identified candidate component class: file [D:\project\BinderServer\target\classes\com\niit\binder\controller\ForumController.class]
2016-11-04 04:25:18 DEBUG ClassPathBeanDefinitionScanner:286 - Identified candidate component class: file [D:\project\BinderServer\target\classes\com\niit\binder\controller\FriendController.class]
2016-11-04 04:25:18 DEBUG ClassPathBeanDefinitionScanner:286 - Identified candidate component class: file [D:\project\BinderServer\target\classes\com\niit\binder\controller\JobController.class]
2016-11-04 04:25:18 DEBUG ClassPathBeanDefinitionScanner:286 - Identified candidate component class: file [D:\project\BinderServer\target\classes\com\niit\binder\controller\MyController.class]
2016-11-04 04:25:18 DEBUG ClassPathBeanDefinitionScanner:286 - Identified candidate component class: file [D:\project\BinderServer\target\classes\com\niit\binder\controller\UserController.class]
2016-11-04 04:25:18 DEBUG ClassPathBeanDefinitionScanner:292 - Ignored because not a concrete top-level class: file [D:\project\BinderServer\target\classes\com\niit\binder\dao\BlogDAO.class]
2016-11-04 04:25:18 DEBUG ClassPathBeanDefinitionScanner:292 - Ignored because not a concrete top-level class: file [D:\project\BinderServer\target\classes\com\niit\binder\dao\ChatDAO.class]
2016-11-04 04:25:18 DEBUG ClassPathBeanDefinitionScanner:292 - Ignored because not a concrete top-level class: file [D:\project\BinderServer\target\classes\com\niit\binder\dao\EventDAO.class]
2016-11-04 04:25:18 DEBUG ClassPathBeanDefinitionScanner:292 - Ignored because not a concrete top-level class: file [D:\project\BinderServer\target\classes\com\niit\binder\dao\ForumCommentDAO.class]
2016-11-04 04:25:18 DEBUG ClassPathBeanDefinitionScanner:292 - Ignored because not a concrete top-level class: file [D:\project\BinderServer\target\classes\com\niit\binder\dao\ForumDAO.class]
2016-11-04 04:25:18 DEBUG ClassPathBeanDefinitionScanner:292 - Ignored because not a concrete top-level class: file [D:\project\BinderServer\target\classes\com\niit\binder\dao\FriendDAO.class]
2016-11-04 04:25:18 DEBUG ClassPathBeanDefinitionScanner:286 - Identified candidate component class: file [D:\project\BinderServer\target\classes\com\niit\binder\dao\impl\BlogDAOImpl.class]
2016-11-04 04:25:18 DEBUG ClassPathBeanDefinitionScanner:286 - Identified candidate component class: file [D:\project\BinderServer\target\classes\com\niit\binder\dao\impl\ChatDAOImpl.class]
2016-11-04 04:25:18 DEBUG ClassPathBeanDefinitionScanner:286 - Identified candidate component class: file [D:\project\BinderServer\target\classes\com\niit\binder\dao\impl\EventDAOImpl.class]
2016-11-04 04:25:18 DEBUG ClassPathBeanDefinitionScanner:286 - Identified candidate component class: file [D:\project\BinderServer\target\classes\com\niit\binder\dao\impl\ForumCommentDAOImpl.class]
2016-11-04 04:25:18 DEBUG ClassPathBeanDefinitionScanner:286 - Identified candidate component class: file [D:\project\BinderServer\target\classes\com\niit\binder\dao\impl\ForumDAOImpl.class]
2016-11-04 04:25:18 DEBUG ClassPathBeanDefinitionScanner:286 - Identified candidate component class: file [D:\project\BinderServer\target\classes\com\niit\binder\dao\impl\FriendDAOImpl.class]
2016-11-04 04:25:18 DEBUG ClassPathBeanDefinitionScanner:286 - Identified candidate component class: file [D:\project\BinderServer\target\classes\com\niit\binder\dao\impl\JobDAOImpl.class]
2016-11-04 04:25:18 DEBUG ClassPathBeanDefinitionScanner:286 - Identified candidate component class: file [D:\project\BinderServer\target\classes\com\niit\binder\dao\impl\UserDAOImpl.class]
2016-11-04 04:25:18 DEBUG ClassPathBeanDefinitionScanner:292 - Ignored because not a concrete top-level class: file [D:\project\BinderServer\target\classes\com\niit\binder\dao\JobDAO.class]
2016-11-04 04:25:18 DEBUG ClassPathBeanDefinitionScanner:292 - Ignored because not a concrete top-level class: file [D:\project\BinderServer\target\classes\com\niit\binder\dao\UserDAO.class]
2016-11-04 04:25:18 DEBUG ClassPathBeanDefinitionScanner:286 - Identified candidate component class: file [D:\project\BinderServer\target\classes\com\niit\binder\model\BaseDomain.class]
2016-11-04 04:25:18 DEBUG ClassPathBeanDefinitionScanner:286 - Identified candidate component class: file [D:\project\BinderServer\target\classes\com\niit\binder\model\Blog.class]
2016-11-04 04:25:18 DEBUG ClassPathBeanDefinitionScanner:286 - Identified candidate component class: file [D:\project\BinderServer\target\classes\com\niit\binder\model\Chat.class]
2016-11-04 04:25:18 DEBUG ClassPathBeanDefinitionScanner:286 - Identified candidate component class: file [D:\project\BinderServer\target\classes\com\niit\binder\model\Event.class]
2016-11-04 04:25:18 DEBUG ClassPathBeanDefinitionScanner:286 - Identified candidate component class: file [D:\project\BinderServer\target\classes\com\niit\binder\model\Forum.class]
2016-11-04 04:25:18 DEBUG ClassPathBeanDefinitionScanner:286 - Identified candidate component class: file [D:\project\BinderServer\target\classes\com\niit\binder\model\ForumComment.class]
2016-11-04 04:25:18 DEBUG ClassPathBeanDefinitionScanner:286 - Identified candidate component class: file [D:\project\BinderServer\target\classes\com\niit\binder\model\Friend.class]
2016-11-04 04:25:18 DEBUG ClassPathBeanDefinitionScanner:286 - Identified candidate component class: file [D:\project\BinderServer\target\classes\com\niit\binder\model\Job.class]
2016-11-04 04:25:18 DEBUG ClassPathBeanDefinitionScanner:286 - Identified candidate component class: file [D:\project\BinderServer\target\classes\com\niit\binder\model\JobApplication.class]
2016-11-04 04:25:18 DEBUG ClassPathBeanDefinitionScanner:286 - Identified candidate component class: file [D:\project\BinderServer\target\classes\com\niit\binder\model\Users.class]
2016-11-04 04:25:19 INFO  AnnotationConfigApplicationContext:581 - Refreshing org.springframework.context.annotation.AnnotationConfigApplicationContext@4a765: startup date [Fri Nov 04 04:25:18 IST 2016]; root of context hierarchy
2016-11-04 04:25:19 DEBUG AnnotationConfigApplicationContext:615 - Bean factory for org.springframework.context.annotation.AnnotationConfigApplicationContext@4a765: org.springframework.beans.factory.support.DefaultListableBeanFactory@164985f: defining beans [org.springframework.context.annotation.internalConfigurationAnnotationProcessor,org.springframework.context.annotation.internalAutowiredAnnotationProcessor,org.springframework.context.annotation.internalRequiredAnnotationProcessor,org.springframework.context.annotation.internalCommonAnnotationProcessor,org.springframework.context.annotation.internalPersistenceAnnotationProcessor,org.springframework.context.event.internalEventListenerProcessor,org.springframework.context.event.internalEventListenerFactory,applicationContextConfig,blogController,eventController,forumCommentController,forumController,friendController,jobController,myController,userController,blogDAO,chatDAO,eventDAO,forumCommentDAO,forumDAO,friendDAO,jobDAO,userDAO,baseDomain,blog,chat,event,forum,forumComment,friend,job,jobApplication,users]; root of factory hierarchy
2016-11-04 04:25:19 DEBUG DefaultListableBeanFactory:221 - Creating shared instance of singleton bean &apos;org.springframework.context.annotation.internalConfigurationAnnotationProcessor&apos;
2016-11-04 04:25:19 DEBUG DefaultListableBeanFactory:448 - Creating instance of bean &apos;org.springframework.context.annotation.internalConfigurationAnnotationProcessor&apos;
2016-11-04 04:25:19 DEBUG DefaultListableBeanFactory:529 - Eagerly caching bean &apos;org.springframework.context.annotation.internalConfigurationAnnotationProcessor&apos; to allow for resolving potential circular references
2016-11-04 04:25:19 DEBUG DefaultListableBeanFactory:484 - Finished creating instance of bean &apos;org.springframework.context.annotation.internalConfigurationAnnotationProcessor&apos;
2016-11-04 04:25:19 DEBUG StandardEnvironment:109 - Adding [systemProperties] PropertySource with lowest search precedence
2016-11-04 04:25:19 DEBUG StandardEnvironment:109 - Adding [systemEnvironment] PropertySource with lowest search precedence
2016-11-04 04:25:19 DEBUG StandardEnvironment:127 - Initialized StandardEnvironment with PropertySources [systemProperties,systemEnvironment]
2016-11-04 04:25:19 DEBUG PathMatchingResourcePatternResolver:317 - Resolved classpath location [com/niit/binder/] to resources [URL [file:/D:/project/BinderServer/target/test-classes/com/niit/binder/], URL [file:/D:/project/BinderServer/target/classes/com/niit/binder/]]
2016-11-04 04:25:19 DEBUG PathMatchingResourcePatternResolver:711 - Looking for matching resources in directory tree [D:\project\BinderServer\target\test-classes\com\niit\binder]
2016-11-04 04:25:19 DEBUG PathMatchingResourcePatternResolver:773 - Searching directory [D:\project\BinderServer\target\test-classes\com\niit\binder] for files matching pattern [D:/project/BinderServer/target/test-classes/com/niit/binder/**/*.class]
2016-11-04 04:25:19 DEBUG PathMatchingResourcePatternResolver:773 - Searching directory [D:\project\BinderServer\target\test-classes\com\niit\binder\junit] for files matching pattern [D:/project/BinderServer/target/test-classes/com/niit/binder/**/*.class]
2016-11-04 04:25:19 DEBUG PathMatchingResourcePatternResolver:773 - Searching directory [D:\project\BinderServer\target\test-classes\com\niit\binder\junit\test] for files matching pattern [D:/project/BinderServer/target/test-classes/com/niit/binder/**/*.class]
2016-11-04 04:25:19 DEBUG PathMatchingResourcePatternResolver:773 - Searching directory [D:\project\BinderServer\target\test-classes\com\niit\binder\test] for files matching pattern [D:/project/BinderServer/target/test-classes/com/niit/binder/**/*.class]
2016-11-04 04:25:19 DEBUG PathMatchingResourcePatternResolver:711 - Looking for matching resources in directory tree [D:\project\BinderServer\target\classes\com\niit\binder]
2016-11-04 04:25:19 DEBUG PathMatchingResourcePatternResolver:773 - Searching directory [D:\project\BinderServer\target\classes\com\niit\binder] for files matching pattern [D:/project/BinderServer/target/classes/com/niit/binder/**/*.class]
2016-11-04 04:25:19 DEBUG PathMatchingResourcePatternResolver:773 - Searching directory [D:\project\BinderServer\target\classes\com\niit\binder\config] for files matching pattern [D:/project/BinderServer/target/classes/com/niit/binder/**/*.class]
2016-11-04 04:25:19 DEBUG PathMatchingResourcePatternResolver:773 - Searching directory [D:\project\BinderServer\target\classes\com\niit\binder\controller] for files matching pattern [D:/project/BinderServer/target/classes/com/niit/binder/**/*.class]
2016-11-04 04:25:19 DEBUG PathMatchingResourcePatternResolver:773 - Searching directory [D:\project\BinderServer\target\classes\com\niit\binder\dao] for files matching pattern [D:/project/BinderServer/target/classes/com/niit/binder/**/*.class]
2016-11-04 04:25:19 DEBUG PathMatchingResourcePatternResolver:773 - Searching directory [D:\project\BinderServer\target\classes\com\niit\binder\dao\impl] for files matching pattern [D:/project/BinderServer/target/classes/com/niit/binder/**/*.class]
2016-11-04 04:25:19 DEBUG PathMatchingResourcePatternResolver:773 - Searching directory [D:\project\BinderServer\target\classes\com\niit\binder\model] for files matching pattern [D:/project/BinderServer/target/classes/com/niit/binder/**/*.class]
2016-11-04 04:25:19 DEBUG PathMatchingResourcePatternResolver:483 - Resolved location pattern [classpath*:com/niit/binder/**/*.class] to resources [file [D:\project\BinderServer\target\test-classes\com\niit\binder\junit\test\BlogJUnitTestCase.class], file [D:\project\BinderServer\target\test-classes\com\niit\binder\junit\test\ForumJUnitTestCase.class], file [D:\project\BinderServer\target\test-classes\com\niit\binder\junit\test\JobJUnitTestCase.class], file [D:\project\BinderServer\target\test-classes\com\niit\binder\junit\test\UserJUnitTestCase.class], file [D:\project\BinderServer\target\test-classes\com\niit\binder\test\UserTestCase.class], file [D:\project\BinderServer\target\classes\com\niit\binder\config\ApplicationContextConfig.class], file [D:\project\BinderServer\target\classes\com\niit\binder\controller\BlogController.class], file [D:\project\BinderServer\target\classes\com\niit\binder\controller\EventController.class], file [D:\project\BinderServer\target\classes\com\niit\binder\controller\ForumCommentController.class], file [D:\project\BinderServer\target\classes\com\niit\binder\controller\ForumController.class], file [D:\project\BinderServer\target\classes\com\niit\binder\controller\FriendController.class], file [D:\project\BinderServer\target\classes\com\niit\binder\controller\JobController.class], file [D:\project\BinderServer\target\classes\com\niit\binder\controller\MyController.class], file [D:\project\BinderServer\target\classes\com\niit\binder\controller\UserController.class], file [D:\project\BinderServer\target\classes\com\niit\binder\dao\BlogDAO.class], file [D:\project\BinderServer\target\classes\com\niit\binder\dao\ChatDAO.class], file [D:\project\BinderServer\target\classes\com\niit\binder\dao\EventDAO.class], file [D:\project\BinderServer\target\classes\com\niit\binder\dao\ForumCommentDAO.class], file [D:\project\BinderServer\target\classes\com\niit\binder\dao\ForumDAO.class], file [D:\project\BinderServer\target\classes\com\niit\binder\dao\FriendDAO.class], file [D:\project\BinderServer\target\classes\com\niit\binder\dao\impl\BlogDAOImpl.class], file [D:\project\BinderServer\target\classes\com\niit\binder\dao\impl\ChatDAOImpl.class], file [D:\project\BinderServer\target\classes\com\niit\binder\dao\impl\EventDAOImpl.class], file [D:\project\BinderServer\target\classes\com\niit\binder\dao\impl\ForumCommentDAOImpl.class], file [D:\project\BinderServer\target\classes\com\niit\binder\dao\impl\ForumDAOImpl.class], file [D:\project\BinderServer\target\classes\com\niit\binder\dao\impl\FriendDAOImpl.class], file [D:\project\BinderServer\target\classes\com\niit\binder\dao\impl\JobDAOImpl.class], file [D:\project\BinderServer\target\classes\com\niit\binder\dao\impl\UserDAOImpl.class], file [D:\project\BinderServer\target\classes\com\niit\binder\dao\JobDAO.class], file [D:\project\BinderServer\target\classes\com\niit\binder\dao\UserDAO.class], file [D:\project\BinderServer\target\classes\com\niit\binder\model\BaseDomain.class], file [D:\project\BinderServer\target\classes\com\niit\binder\model\Blog.class], file [D:\project\BinderServer\target\classes\com\niit\binder\model\Chat.class], file [D:\project\BinderServer\target\classes\com\niit\binder\model\Event.class], file [D:\project\BinderServer\target\classes\com\niit\binder\model\Forum.class], file [D:\project\BinderServer\target\classes\com\niit\binder\model\ForumComment.class], file [D:\project\BinderServer\target\classes\com\niit\binder\model\Friend.class], file [D:\project\BinderServer\target\classes\com\niit\binder\model\Job.class], file [D:\project\BinderServer\target\classes\com\niit\binder\model\JobApplication.class], file [D:\project\BinderServer\target\classes\com\niit\binder\model\Users.class]]
2016-11-04 04:25:19 DEBUG ClassPathBeanDefinitionScanner:286 - Identified candidate component class: file [D:\project\BinderServer\target\classes\com\niit\binder\controller\BlogController.class]
2016-11-04 04:25:19 DEBUG ClassPathBeanDefinitionScanner:286 - Identified candidate component class: file [D:\project\BinderServer\target\classes\com\niit\binder\controller\EventController.class]
2016-11-04 04:25:19 DEBUG ClassPathBeanDefinitionScanner:286 - Identified candidate component class: file [D:\project\BinderServer\target\classes\com\niit\binder\controller\ForumCommentController.class]
2016-11-04 04:25:19 DEBUG ClassPathBeanDefinitionScanner:286 - Identified candidate component class: file [D:\project\BinderServer\target\classes\com\niit\binder\controller\ForumController.class]
2016-11-04 04:25:19 DEBUG ClassPathBeanDefinitionScanner:286 - Identified candidate component class: file [D:\project\BinderServer\target\classes\com\niit\binder\controller\FriendController.class]
2016-11-04 04:25:19 DEBUG ClassPathBeanDefinitionScanner:286 - Identified candidate component class: file [D:\project\BinderServer\target\classes\com\niit\binder\controller\JobController.class]
2016-11-04 04:25:19 DEBUG ClassPathBeanDefinitionScanner:286 - Identified candidate component class: file [D:\project\BinderServer\target\classes\com\niit\binder\controller\MyController.class]
2016-11-04 04:25:19 DEBUG ClassPathBeanDefinitionScanner:286 - Identified candidate component class: file [D:\project\BinderServer\target\classes\com\niit\binder\controller\UserController.class]
2016-11-04 04:25:19 DEBUG ClassPathBeanDefinitionScanner:292 - Ignored because not a concrete top-level class: file [D:\project\BinderServer\target\classes\com\niit\binder\dao\BlogDAO.class]
2016-11-04 04:25:19 DEBUG ClassPathBeanDefinitionScanner:292 - Ignored because not a concrete top-level class: file [D:\project\BinderServer\target\classes\com\niit\binder\dao\ChatDAO.class]
2016-11-04 04:25:19 DEBUG ClassPathBeanDefinitionScanner:292 - Ignored because not a concrete top-level class: file [D:\project\BinderServer\target\classes\com\niit\binder\dao\EventDAO.class]
2016-11-04 04:25:19 DEBUG ClassPathBeanDefinitionScanner:292 - Ignored because not a concrete top-level class: file [D:\project\BinderServer\target\classes\com\niit\binder\dao\ForumCommentDAO.class]
2016-11-04 04:25:19 DEBUG ClassPathBeanDefinitionScanner:292 - Ignored because not a concrete top-level class: file [D:\project\BinderServer\target\classes\com\niit\binder\dao\ForumDAO.class]
2016-11-04 04:25:19 DEBUG ClassPathBeanDefinitionScanner:292 - Ignored because not a concrete top-level class: file [D:\project\BinderServer\target\classes\com\niit\binder\dao\FriendDAO.class]
2016-11-04 04:25:19 DEBUG ClassPathBeanDefinitionScanner:286 - Identified candidate component class: file [D:\project\BinderServer\target\classes\com\niit\binder\dao\impl\BlogDAOImpl.class]
2016-11-04 04:25:19 DEBUG ClassPathBeanDefinitionScanner:286 - Identified candidate component class: file [D:\project\BinderServer\target\classes\com\niit\binder\dao\impl\ChatDAOImpl.class]
2016-11-04 04:25:19 DEBUG ClassPathBeanDefinitionScanner:286 - Identified candidate component class: file [D:\project\BinderServer\target\classes\com\niit\binder\dao\impl\EventDAOImpl.class]
2016-11-04 04:25:19 DEBUG ClassPathBeanDefinitionScanner:286 - Identified candidate component class: file [D:\project\BinderServer\target\classes\com\niit\binder\dao\impl\ForumCommentDAOImpl.class]
2016-11-04 04:25:19 DEBUG ClassPathBeanDefinitionScanner:286 - Identified candidate component class: file [D:\project\BinderServer\target\classes\com\niit\binder\dao\impl\ForumDAOImpl.class]
2016-11-04 04:25:19 DEBUG ClassPathBeanDefinitionScanner:286 - Identified candidate component class: file [D:\project\BinderServer\target\classes\com\niit\binder\dao\impl\FriendDAOImpl.class]
2016-11-04 04:25:19 DEBUG ClassPathBeanDefinitionScanner:286 - Identified candidate component class: file [D:\project\BinderServer\target\classes\com\niit\binder\dao\impl\JobDAOImpl.class]
2016-11-04 04:25:19 DEBUG ClassPathBeanDefinitionScanner:286 - Identified candidate component class: file [D:\project\BinderServer\target\classes\com\niit\binder\dao\impl\UserDAOImpl.class]
2016-11-04 04:25:19 DEBUG ClassPathBeanDefinitionScanner:292 - Ignored because not a concrete top-level class: file [D:\project\BinderServer\target\classes\com\niit\binder\dao\JobDAO.class]
2016-11-04 04:25:19 DEBUG ClassPathBeanDefinitionScanner:292 - Ignored because not a concrete top-level class: file [D:\project\BinderServer\target\classes\com\niit\binder\dao\UserDAO.class]
2016-11-04 04:25:19 DEBUG ClassPathBeanDefinitionScanner:286 - Identified candidate component class: file [D:\project\BinderServer\target\classes\com\niit\binder\model\BaseDomain.class]
2016-11-04 04:25:19 DEBUG ClassPathBeanDefinitionScanner:286 - Identified candidate component class: file [D:\project\BinderServer\target\classes\com\niit\binder\model\Blog.class]
2016-11-04 04:25:19 DEBUG ClassPathBeanDefinitionScanner:286 - Identified candidate component class: file [D:\project\BinderServer\target\classes\com\niit\binder\model\Chat.class]
2016-11-04 04:25:19 DEBUG ClassPathBeanDefinitionScanner:286 - Identified candidate component class: file [D:\project\BinderServer\target\classes\com\niit\binder\model\Event.class]
2016-11-04 04:25:19 DEBUG ClassPathBeanDefinitionScanner:286 - Identified candidate component class: file [D:\project\BinderServer\target\classes\com\niit\binder\model\Forum.class]
2016-11-04 04:25:19 DEBUG ClassPathBeanDefinitionScanner:286 - Identified candidate component class: file [D:\project\BinderServer\target\classes\com\niit\binder\model\ForumComment.class]
2016-11-04 04:25:19 DEBUG ClassPathBeanDefinitionScanner:286 - Identified candidate component class: file [D:\project\BinderServer\target\classes\com\niit\binder\model\Friend.class]
2016-11-04 04:25:19 DEBUG ClassPathBeanDefinitionScanner:286 - Identified candidate component class: file [D:\project\BinderServer\target\classes\com\niit\binder\model\Job.class]
2016-11-04 04:25:19 DEBUG ClassPathBeanDefinitionScanner:286 - Identified candidate component class: file [D:\project\BinderServer\target\classes\com\niit\binder\model\JobApplication.class]
2016-11-04 04:25:19 DEBUG ClassPathBeanDefinitionScanner:286 - Identified candidate component class: file [D:\project\BinderServer\target\classes\com\niit\binder\model\Users.class]
2016-11-04 04:25:19 DEBUG ConfigurationClassBeanDefinitionReader:164 - Registered bean definition for imported class &apos;org.springframework.transaction.annotation.ProxyTransactionManagementConfiguration&apos;
2016-11-04 04:25:19 DEBUG ConfigurationClassBeanDefinitionReader:256 - Registering bean definition for @Bean method org.springframework.transaction.annotation.ProxyTransactionManagementConfiguration.org.springframework.transaction.config.internalTransactionAdvisor()
2016-11-04 04:25:19 DEBUG ConfigurationClassBeanDefinitionReader:256 - Registering bean definition for @Bean method org.springframework.transaction.annotation.ProxyTransactionManagementConfiguration.transactionAttributeSource()
2016-11-04 04:25:19 DEBUG ConfigurationClassBeanDefinitionReader:256 - Registering bean definition for @Bean method org.springframework.transaction.annotation.ProxyTransactionManagementConfiguration.transactionInterceptor()
2016-11-04 04:25:19 DEBUG ConfigurationClassBeanDefinitionReader:256 - Registering bean definition for @Bean method org.springframework.transaction.annotation.ProxyTransactionManagementConfiguration.org.springframework.transaction.config.internalTransactionalEventListenerFactory()
2016-11-04 04:25:19 DEBUG ConfigurationClassBeanDefinitionReader:256 - Registering bean definition for @Bean method com.niit.binder.config.ApplicationContextConfig.dataSource()
2016-11-04 04:25:19 DEBUG ConfigurationClassBeanDefinitionReader:256 - Registering bean definition for @Bean method com.niit.binder.config.ApplicationContextConfig.sessionFactory()
2016-11-04 04:25:19 DEBUG ConfigurationClassBeanDefinitionReader:256 - Registering bean definition for @Bean method com.niit.binder.config.ApplicationContextConfig.transactionManager()
2016-11-04 04:25:19 DEBUG ConfigurationClassBeanDefinitionReader:256 - Registering bean definition for @Bean method com.niit.binder.config.ApplicationContextConfig.userDAO()
2016-11-04 04:25:19 INFO  DefaultListableBeanFactory:843 - Overriding bean definition for bean &apos;userDAO&apos; with a different definition: replacing [Generic bean: class [com.niit.binder.dao.impl.UserDAOImpl]; scope=singleton; abstract=false; lazyInit=false; autowireMode=0; dependencyCheck=0; autowireCandidate=true; primary=false; factoryBeanName=null; factoryMethodName=null; initMethodName=null; destroyMethodName=null; defined in file [D:\project\BinderServer\target\classes\com\niit\binder\dao\impl\UserDAOImpl.class]] with [Root bean: class [null]; scope=; abstract=false; lazyInit=false; autowireMode=3; dependencyCheck=0; autowireCandidate=true; primary=false; factoryBeanName=applicationContextConfig; factoryMethodName=getUserDetailsDAO; initMethodName=null; destroyMethodName=(inferred); defined in com.niit.binder.config.ApplicationContextConfig]
2016-11-04 04:25:19 DEBUG ConfigurationClassEnhancer:109 - Successfully enhanced com.niit.binder.config.ApplicationContextConfig; enhanced class name is: com.niit.binder.config.ApplicationContextConfig$$EnhancerBySpringCGLIB$$b947465a
2016-11-04 04:25:19 DEBUG ConfigurationClassPostProcessor:409 - Replacing bean definition &apos;applicationContextConfig&apos; existing class &apos;com.niit.binder.config.ApplicationContextConfig&apos; with enhanced class &apos;com.niit.binder.config.ApplicationContextConfig$$EnhancerBySpringCGLIB$$b947465a&apos;
2016-11-04 04:25:19 DEBUG ConfigurationClassEnhancer:109 - Successfully enhanced org.springframework.transaction.annotation.ProxyTransactionManagementConfiguration; enhanced class name is: org.springframework.transaction.annotation.ProxyTransactionManagementConfiguration$$EnhancerBySpringCGLIB$$dc0ad931
2016-11-04 04:25:19 DEBUG ConfigurationClassPostProcessor:409 - Replacing bean definition &apos;org.springframework.transaction.annotation.ProxyTransactionManagementConfiguration&apos; existing class &apos;org.springframework.transaction.annotation.ProxyTransactionManagementConfiguration&apos; with enhanced class &apos;org.springframework.transaction.annotation.ProxyTransactionManagementConfiguration$$EnhancerBySpringCGLIB$$dc0ad931&apos;
2016-11-04 04:25:19 DEBUG DefaultListableBeanFactory:221 - Creating shared instance of singleton bean &apos;org.springframework.context.annotation.internalAutowiredAnnotationProcessor&apos;
2016-11-04 04:25:19 DEBUG DefaultListableBeanFactory:448 - Creating instance of bean &apos;org.springframework.context.annotation.internalAutowiredAnnotationProcessor&apos;
2016-11-04 04:25:19 DEBUG DefaultListableBeanFactory:529 - Eagerly caching bean &apos;org.springframework.context.annotation.internalAutowiredAnnotationProcessor&apos; to allow for resolving potential circular references
2016-11-04 04:25:19 DEBUG DefaultListableBeanFactory:484 - Finished creating instance of bean &apos;org.springframework.context.annotation.internalAutowiredAnnotationProcessor&apos;
2016-11-04 04:25:19 DEBUG DefaultListableBeanFactory:221 - Creating shared instance of singleton bean &apos;org.springframework.context.annotation.internalRequiredAnnotationProcessor&apos;
2016-11-04 04:25:19 DEBUG DefaultListableBeanFactory:448 - Creating instance of bean &apos;org.springframework.context.annotation.internalRequiredAnnotationProcessor&apos;
2016-11-04 04:25:19 DEBUG DefaultListableBeanFactory:529 - Eagerly caching bean &apos;org.springframework.context.annotation.internalRequiredAnnotationProcessor&apos; to allow for resolving potential circular references
2016-11-04 04:25:19 DEBUG DefaultListableBeanFactory:484 - Finished creating instance of bean &apos;org.springframework.context.annotation.internalRequiredAnnotationProcessor&apos;
2016-11-04 04:25:19 DEBUG DefaultListableBeanFactory:221 - Creating shared instance of singleton bean &apos;org.springframework.context.annotation.internalCommonAnnotationProcessor&apos;
2016-11-04 04:25:19 DEBUG DefaultListableBeanFactory:448 - Creating instance of bean &apos;org.springframework.context.annotation.internalCommonAnnotationProcessor&apos;
2016-11-04 04:25:19 DEBUG DefaultListableBeanFactory:529 - Eagerly caching bean &apos;org.springframework.context.annotation.internalCommonAnnotationProcessor&apos; to allow for resolving potential circular references
2016-11-04 04:25:19 DEBUG DefaultListableBeanFactory:484 - Finished creating instance of bean &apos;org.springframework.context.annotation.internalCommonAnnotationProcessor&apos;
2016-11-04 04:25:19 DEBUG DefaultListableBeanFactory:221 - Creating shared instance of singleton bean &apos;org.springframework.context.annotation.internalPersistenceAnnotationProcessor&apos;
2016-11-04 04:25:19 DEBUG DefaultListableBeanFactory:448 - Creating instance of bean &apos;org.springframework.context.annotation.internalPersistenceAnnotationProcessor&apos;
2016-11-04 04:25:19 DEBUG DefaultListableBeanFactory:529 - Eagerly caching bean &apos;org.springframework.context.annotation.internalPersistenceAnnotationProcessor&apos; to allow for resolving potential circular references
2016-11-04 04:25:19 DEBUG DefaultListableBeanFactory:484 - Finished creating instance of bean &apos;org.springframework.context.annotation.internalPersistenceAnnotationProcessor&apos;
2016-11-04 04:25:19 DEBUG DefaultListableBeanFactory:221 - Creating shared instance of singleton bean &apos;org.springframework.context.annotation.ConfigurationClassPostProcessor.importAwareProcessor&apos;
2016-11-04 04:25:19 DEBUG DefaultListableBeanFactory:448 - Creating instance of bean &apos;org.springframework.context.annotation.ConfigurationClassPostProcessor.importAwareProcessor&apos;
2016-11-04 04:25:19 DEBUG DefaultListableBeanFactory:529 - Eagerly caching bean &apos;org.springframework.context.annotation.ConfigurationClassPostProcessor.importAwareProcessor&apos; to allow for resolving potential circular references
2016-11-04 04:25:19 DEBUG DefaultListableBeanFactory:484 - Finished creating instance of bean &apos;org.springframework.context.annotation.ConfigurationClassPostProcessor.importAwareProcessor&apos;
2016-11-04 04:25:19 DEBUG DefaultListableBeanFactory:221 - Creating shared instance of singleton bean &apos;org.springframework.context.annotation.ConfigurationClassPostProcessor.enhancedConfigurationProcessor&apos;
2016-11-04 04:25:19 DEBUG DefaultListableBeanFactory:448 - Creating instance of bean &apos;org.springframework.context.annotation.ConfigurationClassPostProcessor.enhancedConfigurationProcessor&apos;
2016-11-04 04:25:19 DEBUG DefaultListableBeanFactory:529 - Eagerly caching bean &apos;org.springframework.context.annotation.ConfigurationClassPostProcessor.enhancedConfigurationProcessor&apos; to allow for resolving potential circular references
2016-11-04 04:25:19 DEBUG DefaultListableBeanFactory:484 - Finished creating instance of bean &apos;org.springframework.context.annotation.ConfigurationClassPostProcessor.enhancedConfigurationProcessor&apos;
2016-11-04 04:25:19 DEBUG DefaultListableBeanFactory:221 - Creating shared instance of singleton bean &apos;org.springframework.aop.config.internalAutoProxyCreator&apos;
2016-11-04 04:25:19 DEBUG DefaultListableBeanFactory:448 - Creating instance of bean &apos;org.springframework.aop.config.internalAutoProxyCreator&apos;
2016-11-04 04:25:19 DEBUG DefaultListableBeanFactory:529 - Eagerly caching bean &apos;org.springframework.aop.config.internalAutoProxyCreator&apos; to allow for resolving potential circular references
2016-11-04 04:25:19 DEBUG DefaultListableBeanFactory:484 - Finished creating instance of bean &apos;org.springframework.aop.config.internalAutoProxyCreator&apos;
2016-11-04 04:25:19 DEBUG AnnotationConfigApplicationContext:728 - Unable to locate MessageSource with name &apos;messageSource&apos;: using default [org.springframework.context.support.DelegatingMessageSource@d2a21f]
2016-11-04 04:25:19 DEBUG AnnotationConfigApplicationContext:752 - Unable to locate ApplicationEventMulticaster with name &apos;applicationEventMulticaster&apos;: using default [org.springframework.context.event.SimpleApplicationEventMulticaster@1da8dc5]
2016-11-04 04:25:19 DEBUG DefaultListableBeanFactory:745 - Pre-instantiating singletons in org.springframework.beans.factory.support.DefaultListableBeanFactory@164985f: defining beans [org.springframework.context.annotation.internalConfigurationAnnotationProcessor,org.springframework.context.annotation.internalAutowiredAnnotationProcessor,org.springframework.context.annotation.internalRequiredAnnotationProcessor,org.springframework.context.annotation.internalCommonAnnotationProcessor,org.springframework.context.annotation.internalPersistenceAnnotationProcessor,org.springframework.context.event.internalEventListenerProcessor,org.springframework.context.event.internalEventListenerFactory,applicationContextConfig,blogController,eventController,forumCommentController,forumController,friendController,jobController,myController,userController,blogDAO,chatDAO,eventDAO,forumCommentDAO,forumDAO,friendDAO,jobDAO,userDAO,baseDomain,blog,chat,event,forum,forumComment,friend,job,jobApplication,users,org.springframework.context.annotation.ConfigurationClassPostProcessor.importAwareProcessor,org.springframework.context.annotation.ConfigurationClassPostProcessor.enhancedConfigurationProcessor,org.springframework.transaction.annotation.ProxyTransactionManagementConfiguration,org.springframework.transaction.config.internalTransactionAdvisor,transactionAttributeSource,transactionInterceptor,org.springframework.transaction.config.internalTransactionalEventListenerFactory,dataSource,sessionFactory,transactionManager,org.springframework.aop.config.internalAutoProxyCreator]; root of factory hierarchy
2016-11-04 04:25:19 DEBUG DefaultListableBeanFactory:251 - Returning cached instance of singleton bean &apos;org.springframework.context.annotation.internalConfigurationAnnotationProcessor&apos;
2016-11-04 04:25:19 DEBUG DefaultListableBeanFactory:251 - Returning cached instance of singleton bean &apos;org.springframework.context.annotation.internalAutowiredAnnotationProcessor&apos;
2016-11-04 04:25:19 DEBUG DefaultListableBeanFactory:251 - Returning cached instance of singleton bean &apos;org.springframework.context.annotation.internalRequiredAnnotationProcessor&apos;
2016-11-04 04:25:19 DEBUG DefaultListableBeanFactory:251 - Returning cached instance of singleton bean &apos;org.springframework.context.annotation.internalCommonAnnotationProcessor&apos;
2016-11-04 04:25:19 DEBUG DefaultListableBeanFactory:251 - Returning cached instance of singleton bean &apos;org.springframework.context.annotation.internalPersistenceAnnotationProcessor&apos;
2016-11-04 04:25:19 DEBUG DefaultListableBeanFactory:221 - Creating shared instance of singleton bean &apos;org.springframework.context.event.internalEventListenerProcessor&apos;
2016-11-04 04:25:19 DEBUG DefaultListableBeanFactory:448 - Creating instance of bean &apos;org.springframework.context.event.internalEventListenerProcessor&apos;
2016-11-04 04:25:19 DEBUG DefaultListableBeanFactory:529 - Eagerly caching bean &apos;org.springframework.context.event.internalEventListenerProcessor&apos; to allow for resolving potential circular references
2016-11-04 04:25:19 DEBUG DefaultListableBeanFactory:221 - Creating shared instance of singleton bean &apos;org.springframework.transaction.config.internalTransactionAdvisor&apos;
2016-11-04 04:25:19 DEBUG DefaultListableBeanFactory:448 - Creating instance of bean &apos;org.springframework.transaction.config.internalTransactionAdvisor&apos;
2016-11-04 04:25:19 DEBUG DefaultListableBeanFactory:221 - Creating shared instance of singleton bean &apos;org.springframework.transaction.annotation.ProxyTransactionManagementConfiguration&apos;
2016-11-04 04:25:19 DEBUG DefaultListableBeanFactory:448 - Creating instance of bean &apos;org.springframework.transaction.annotation.ProxyTransactionManagementConfiguration&apos;
2016-11-04 04:25:19 DEBUG InjectionMetadata:72 - Registered injected element on class [org.springframework.transaction.annotation.ProxyTransactionManagementConfiguration$$EnhancerBySpringCGLIB$$dc0ad931]: AutowiredMethodElement for void org.springframework.transaction.annotation.AbstractTransactionManagementConfiguration.setConfigurers(java.util.Collection)
2016-11-04 04:25:19 DEBUG DefaultListableBeanFactory:529 - Eagerly caching bean &apos;org.springframework.transaction.annotation.ProxyTransactionManagementConfiguration&apos; to allow for resolving potential circular references
2016-11-04 04:25:19 DEBUG InjectionMetadata:86 - Processing injected element of bean &apos;org.springframework.transaction.annotation.ProxyTransactionManagementConfiguration&apos;: AutowiredMethodElement for void org.springframework.transaction.annotation.AbstractTransactionManagementConfiguration.setConfigurers(java.util.Collection)
2016-11-04 04:25:19 DEBUG DefaultListableBeanFactory:251 - Returning cached instance of singleton bean &apos;org.springframework.context.annotation.ConfigurationClassPostProcessor.importRegistry&apos;
2016-11-04 04:25:19 DEBUG BeanFactoryAdvisorRetrievalHelper:87 - Skipping currently created advisor &apos;org.springframework.transaction.config.internalTransactionAdvisor&apos;
2016-11-04 04:25:19 DEBUG DefaultListableBeanFactory:484 - Finished creating instance of bean &apos;org.springframework.transaction.annotation.ProxyTransactionManagementConfiguration&apos;
2016-11-04 04:25:19 DEBUG DefaultListableBeanFactory:221 - Creating shared instance of singleton bean &apos;transactionAttributeSource&apos;
2016-11-04 04:25:19 DEBUG DefaultListableBeanFactory:448 - Creating instance of bean &apos;transactionAttributeSource&apos;
2016-11-04 04:25:19 DEBUG DefaultListableBeanFactory:251 - Returning cached instance of singleton bean &apos;org.springframework.transaction.annotation.ProxyTransactionManagementConfiguration&apos;
2016-11-04 04:25:19 DEBUG DefaultListableBeanFactory:529 - Eagerly caching bean &apos;transactionAttributeSource&apos; to allow for resolving potential circular references
2016-11-04 04:25:19 DEBUG BeanFactoryAdvisorRetrievalHelper:87 - Skipping currently created advisor &apos;org.springframework.transaction.config.internalTransactionAdvisor&apos;
2016-11-04 04:25:19 DEBUG DefaultListableBeanFactory:484 - Finished creating instance of bean &apos;transactionAttributeSource&apos;
2016-11-04 04:25:19 DEBUG DefaultListableBeanFactory:221 - Creating shared instance of singleton bean &apos;transactionInterceptor&apos;
2016-11-04 04:25:19 DEBUG DefaultListableBeanFactory:448 - Creating instance of bean &apos;transactionInterceptor&apos;
2016-11-04 04:25:19 DEBUG DefaultListableBeanFactory:251 - Returning cached instance of singleton bean &apos;org.springframework.transaction.annotation.ProxyTransactionManagementConfiguration&apos;
2016-11-04 04:25:19 DEBUG DefaultListableBeanFactory:251 - Returning cached instance of singleton bean &apos;transactionAttributeSource&apos;
2016-11-04 04:25:19 DEBUG DefaultListableBeanFactory:529 - Eagerly caching bean &apos;transactionInterceptor&apos; to allow for resolving potential circular references
2016-11-04 04:25:19 DEBUG DefaultListableBeanFactory:1620 - Invoking afterPropertiesSet() on bean with name &apos;transactionInterceptor&apos;
2016-11-04 04:25:19 DEBUG DefaultListableBeanFactory:484 - Finished creating instance of bean &apos;transactionInterceptor&apos;
2016-11-04 04:25:19 DEBUG DefaultListableBeanFactory:529 - Eagerly caching bean &apos;org.springframework.transaction.config.internalTransactionAdvisor&apos; to allow for resolving potential circular references
2016-11-04 04:25:19 DEBUG DefaultListableBeanFactory:484 - Finished creating instance of bean &apos;org.springframework.transaction.config.internalTransactionAdvisor&apos;
2016-11-04 04:25:19 DEBUG DefaultListableBeanFactory:484 - Finished creating instance of bean &apos;org.springframework.context.event.internalEventListenerProcessor&apos;
2016-11-04 04:25:19 DEBUG DefaultListableBeanFactory:221 - Creating shared instance of singleton bean &apos;org.springframework.context.event.internalEventListenerFactory&apos;
2016-11-04 04:25:19 DEBUG DefaultListableBeanFactory:448 - Creating instance of bean &apos;org.springframework.context.event.internalEventListenerFactory&apos;
2016-11-04 04:25:19 DEBUG DefaultListableBeanFactory:529 - Eagerly caching bean &apos;org.springframework.context.event.internalEventListenerFactory&apos; to allow for resolving potential circular references
2016-11-04 04:25:19 DEBUG DefaultListableBeanFactory:251 - Returning cached instance of singleton bean &apos;org.springframework.transaction.config.internalTransactionAdvisor&apos;
2016-11-04 04:25:19 DEBUG DefaultListableBeanFactory:484 - Finished creating instance of bean &apos;org.springframework.context.event.internalEventListenerFactory&apos;
2016-11-04 04:25:19 DEBUG DefaultListableBeanFactory:221 - Creating shared instance of singleton bean &apos;applicationContextConfig&apos;
2016-11-04 04:25:19 DEBUG DefaultListableBeanFactory:448 - Creating instance of bean &apos;applicationContextConfig&apos;
2016-11-04 04:25:19 DEBUG DefaultListableBeanFactory:529 - Eagerly caching bean &apos;applicationContextConfig&apos; to allow for resolving potential circular references
2016-11-04 04:25:19 DEBUG DefaultListableBeanFactory:251 - Returning cached instance of singleton bean &apos;org.springframework.transaction.config.internalTransactionAdvisor&apos;
2016-11-04 04:25:19 DEBUG DefaultListableBeanFactory:484 - Finished creating instance of bean &apos;applicationContextConfig&apos;
2016-11-04 04:25:19 DEBUG DefaultListableBeanFactory:221 - Creating shared instance of singleton bean &apos;blogController&apos;
2016-11-04 04:25:19 DEBUG DefaultListableBeanFactory:448 - Creating instance of bean &apos;blogController&apos;
2016-11-04 04:25:19 DEBUG InjectionMetadata:72 - Registered injected element on class [com.niit.binder.controller.BlogController]: AutowiredFieldElement for com.niit.binder.dao.BlogDAO com.niit.binder.controller.BlogController.blogDAO
2016-11-04 04:25:19 DEBUG DefaultListableBeanFactory:529 - Eagerly caching bean &apos;blogController&apos; to allow for resolving potential circular references
2016-11-04 04:25:19 DEBUG InjectionMetadata:86 - Processing injected element of bean &apos;blogController&apos;: AutowiredFieldElement for com.niit.binder.dao.BlogDAO com.niit.binder.controller.BlogController.blogDAO
2016-11-04 04:25:19 DEBUG DefaultListableBeanFactory:221 - Creating shared instance of singleton bean &apos;blogDAO&apos;
2016-11-04 04:25:19 DEBUG DefaultListableBeanFactory:448 - Creating instance of bean &apos;blogDAO&apos;
2016-11-04 04:25:19 DEBUG InjectionMetadata:72 - Registered injected element on class [com.niit.binder.dao.impl.BlogDAOImpl]: AutowiredFieldElement for private org.hibernate.SessionFactory com.niit.binder.dao.impl.BlogDAOImpl.sessionFactory
2016-11-04 04:25:19 DEBUG DefaultListableBeanFactory:529 - Eagerly caching bean &apos;blogDAO&apos; to allow for resolving potential circular references
2016-11-04 04:25:19 DEBUG InjectionMetadata:86 - Processing injected element of bean &apos;blogDAO&apos;: AutowiredFieldElement for private org.hibernate.SessionFactory com.niit.binder.dao.impl.BlogDAOImpl.sessionFactory
2016-11-04 04:25:19 DEBUG DefaultListableBeanFactory:221 - Creating shared instance of singleton bean &apos;sessionFactory&apos;
2016-11-04 04:25:19 DEBUG DefaultListableBeanFactory:448 - Creating instance of bean &apos;sessionFactory&apos;
2016-11-04 04:25:19 DEBUG DefaultListableBeanFactory:251 - Returning cached instance of singleton bean &apos;applicationContextConfig&apos;
2016-11-04 04:25:19 DEBUG DefaultListableBeanFactory:221 - Creating shared instance of singleton bean &apos;dataSource&apos;
2016-11-04 04:25:19 DEBUG DefaultListableBeanFactory:448 - Creating instance of bean &apos;dataSource&apos;
2016-11-04 04:25:19 DEBUG DefaultListableBeanFactory:251 - Returning cached instance of singleton bean &apos;applicationContextConfig&apos;
2016-11-04 04:25:20 INFO  DriverManagerDataSource:133 - Loaded JDBC driver: oracle.jdbc.driver.OracleDriver
2016-11-04 04:25:20 DEBUG DefaultListableBeanFactory:529 - Eagerly caching bean &apos;dataSource&apos; to allow for resolving potential circular references
2016-11-04 04:25:20 DEBUG DefaultListableBeanFactory:251 - Returning cached instance of singleton bean &apos;org.springframework.transaction.config.internalTransactionAdvisor&apos;
2016-11-04 04:25:20 DEBUG DefaultListableBeanFactory:484 - Finished creating instance of bean &apos;dataSource&apos;
2016-11-04 04:25:20 DEBUG DefaultListableBeanFactory:757 - Autowiring by type from bean name &apos;sessionFactory&apos; via factory method to bean named &apos;dataSource&apos;
2016-11-04 04:25:20 DEBUG logging:173 - Logging Provider: org.jboss.logging.Log4jLoggerProvider
2016-11-04 04:25:20 DEBUG BasicTypeRegistry:143 - Adding type registration boolean -&gt; org.hibernate.type.BooleanType@1900ecf
2016-11-04 04:25:20 DEBUG BasicTypeRegistry:143 - Adding type registration boolean -&gt; org.hibernate.type.BooleanType@1900ecf
2016-11-04 04:25:20 DEBUG BasicTypeRegistry:143 - Adding type registration java.lang.Boolean -&gt; org.hibernate.type.BooleanType@1900ecf
2016-11-04 04:25:20 DEBUG BasicTypeRegistry:143 - Adding type registration numeric_boolean -&gt; org.hibernate.type.NumericBooleanType@1965d37
2016-11-04 04:25:20 DEBUG BasicTypeRegistry:143 - Adding type registration true_false -&gt; org.hibernate.type.TrueFalseType@b4bc72
2016-11-04 04:25:20 DEBUG BasicTypeRegistry:143 - Adding type registration yes_no -&gt; org.hibernate.type.YesNoType@fb309
2016-11-04 04:25:20 DEBUG BasicTypeRegistry:143 - Adding type registration byte -&gt; org.hibernate.type.ByteType@18e8a9d
2016-11-04 04:25:20 DEBUG BasicTypeRegistry:143 - Adding type registration byte -&gt; org.hibernate.type.ByteType@18e8a9d
2016-11-04 04:25:20 DEBUG BasicTypeRegistry:143 - Adding type registration java.lang.Byte -&gt; org.hibernate.type.ByteType@18e8a9d
2016-11-04 04:25:20 DEBUG BasicTypeRegistry:143 - Adding type registration character -&gt; org.hibernate.type.CharacterType@535154
2016-11-04 04:25:20 DEBUG BasicTypeRegistry:143 - Adding type registration char -&gt; org.hibernate.type.CharacterType@535154
2016-11-04 04:25:20 DEBUG BasicTypeRegistry:143 - Adding type registration java.lang.Character -&gt; org.hibernate.type.CharacterType@535154
2016-11-04 04:25:20 DEBUG BasicTypeRegistry:143 - Adding type registration short -&gt; org.hibernate.type.ShortType@7e3f6
2016-11-04 04:25:20 DEBUG BasicTypeRegistry:143 - Adding type registration short -&gt; org.hibernate.type.ShortType@7e3f6
2016-11-04 04:25:20 DEBUG BasicTypeRegistry:143 - Adding type registration java.lang.Short -&gt; org.hibernate.type.ShortType@7e3f6
2016-11-04 04:25:20 DEBUG BasicTypeRegistry:143 - Adding type registration integer -&gt; org.hibernate.type.IntegerType@12c8e7b
2016-11-04 04:25:20 DEBUG BasicTypeRegistry:143 - Adding type registration int -&gt; org.hibernate.type.IntegerType@12c8e7b
2016-11-04 04:25:20 DEBUG BasicTypeRegistry:143 - Adding type registration java.lang.Integer -&gt; org.hibernate.type.IntegerType@12c8e7b
2016-11-04 04:25:20 DEBUG BasicTypeRegistry:143 - Adding type registration long -&gt; org.hibernate.type.LongType@1bc27f5
2016-11-04 04:25:20 DEBUG BasicTypeRegistry:143 - Adding type registration long -&gt; org.hibernate.type.LongType@1bc27f5
2016-11-04 04:25:20 DEBUG BasicTypeRegistry:143 - Adding type registration java.lang.Long -&gt; org.hibernate.type.LongType@1bc27f5
2016-11-04 04:25:20 DEBUG BasicTypeRegistry:143 - Adding type registration float -&gt; org.hibernate.type.FloatType@fc5f04
2016-11-04 04:25:20 DEBUG BasicTypeRegistry:143 - Adding type registration float -&gt; org.hibernate.type.FloatType@fc5f04
2016-11-04 04:25:20 DEBUG BasicTypeRegistry:143 - Adding type registration java.lang.Float -&gt; org.hibernate.type.FloatType@fc5f04
2016-11-04 04:25:20 DEBUG BasicTypeRegistry:143 - Adding type registration double -&gt; org.hibernate.type.DoubleType@1c7df28
2016-11-04 04:25:20 DEBUG BasicTypeRegistry:143 - Adding type registration double -&gt; org.hibernate.type.DoubleType@1c7df28
2016-11-04 04:25:20 DEBUG BasicTypeRegistry:143 - Adding type registration java.lang.Double -&gt; org.hibernate.type.DoubleType@1c7df28
2016-11-04 04:25:20 DEBUG BasicTypeRegistry:143 - Adding type registration big_decimal -&gt; org.hibernate.type.BigDecimalType@84a914
2016-11-04 04:25:20 DEBUG BasicTypeRegistry:143 - Adding type registration java.math.BigDecimal -&gt; org.hibernate.type.BigDecimalType@84a914
2016-11-04 04:25:20 DEBUG BasicTypeRegistry:143 - Adding type registration big_integer -&gt; org.hibernate.type.BigIntegerType@4927d6
2016-11-04 04:25:20 DEBUG BasicTypeRegistry:143 - Adding type registration java.math.BigInteger -&gt; org.hibernate.type.BigIntegerType@4927d6
2016-11-04 04:25:20 DEBUG BasicTypeRegistry:143 - Adding type registration string -&gt; org.hibernate.type.StringType@1520ea8
2016-11-04 04:25:20 DEBUG BasicTypeRegistry:143 - Adding type registration java.lang.String -&gt; org.hibernate.type.StringType@1520ea8
2016-11-04 04:25:20 DEBUG BasicTypeRegistry:143 - Adding type registration url -&gt; org.hibernate.type.UrlType@182859e
2016-11-04 04:25:20 DEBUG BasicTypeRegistry:143 - Adding type registration java.net.URL -&gt; org.hibernate.type.UrlType@182859e
2016-11-04 04:25:20 DEBUG BasicTypeRegistry:143 - Adding type registration date -&gt; org.hibernate.type.DateType@1857fe2
2016-11-04 04:25:20 DEBUG BasicTypeRegistry:143 - Adding type registration java.sql.Date -&gt; org.hibernate.type.DateType@1857fe2
2016-11-04 04:25:20 DEBUG BasicTypeRegistry:143 - Adding type registration time -&gt; org.hibernate.type.TimeType@57d4dd
2016-11-04 04:25:20 DEBUG BasicTypeRegistry:143 - Adding type registration java.sql.Time -&gt; org.hibernate.type.TimeType@57d4dd
2016-11-04 04:25:20 DEBUG BasicTypeRegistry:143 - Adding type registration timestamp -&gt; org.hibernate.type.TimestampType@100b2f3
2016-11-04 04:25:20 DEBUG BasicTypeRegistry:143 - Adding type registration java.sql.Timestamp -&gt; org.hibernate.type.TimestampType@100b2f3
2016-11-04 04:25:20 DEBUG BasicTypeRegistry:143 - Adding type registration java.util.Date -&gt; org.hibernate.type.TimestampType@100b2f3
2016-11-04 04:25:20 DEBUG BasicTypeRegistry:143 - Adding type registration dbtimestamp -&gt; org.hibernate.type.DbTimestampType@1db2b13
2016-11-04 04:25:20 DEBUG BasicTypeRegistry:143 - Adding type registration calendar -&gt; org.hibernate.type.CalendarType@1687585
2016-11-04 04:25:20 DEBUG BasicTypeRegistry:143 - Adding type registration java.util.Calendar -&gt; org.hibernate.type.CalendarType@1687585
2016-11-04 04:25:20 DEBUG BasicTypeRegistry:143 - Adding type registration java.util.GregorianCalendar -&gt; org.hibernate.type.CalendarType@1687585
2016-11-04 04:25:20 DEBUG BasicTypeRegistry:143 - Adding type registration calendar_date -&gt; org.hibernate.type.CalendarDateType@1b4f2a9
2016-11-04 04:25:20 DEBUG BasicTypeRegistry:143 - Adding type registration locale -&gt; org.hibernate.type.LocaleType@1bc8656
2016-11-04 04:25:20 DEBUG BasicTypeRegistry:143 - Adding type registration java.util.Locale -&gt; org.hibernate.type.LocaleType@1bc8656
2016-11-04 04:25:20 DEBUG BasicTypeRegistry:143 - Adding type registration currency -&gt; org.hibernate.type.CurrencyType@9bb4dd
2016-11-04 04:25:20 DEBUG BasicTypeRegistry:143 - Adding type registration java.util.Currency -&gt; org.hibernate.type.CurrencyType@9bb4dd
2016-11-04 04:25:20 DEBUG BasicTypeRegistry:143 - Adding type registration timezone -&gt; org.hibernate.type.TimeZoneType@10399f4
2016-11-04 04:25:20 DEBUG BasicTypeRegistry:143 - Adding type registration java.util.TimeZone -&gt; org.hibernate.type.TimeZoneType@10399f4
2016-11-04 04:25:20 DEBUG BasicTypeRegistry:143 - Adding type registration class -&gt; org.hibernate.type.ClassType@54127a
2016-11-04 04:25:20 DEBUG BasicTypeRegistry:143 - Adding type registration java.lang.Class -&gt; org.hibernate.type.ClassType@54127a
2016-11-04 04:25:20 DEBUG BasicTypeRegistry:143 - Adding type registration uuid-binary -&gt; org.hibernate.type.UUIDBinaryType@1330d4f
2016-11-04 04:25:20 DEBUG BasicTypeRegistry:143 - Adding type registration java.util.UUID -&gt; org.hibernate.type.UUIDBinaryType@1330d4f
2016-11-04 04:25:20 DEBUG BasicTypeRegistry:143 - Adding type registration uuid-char -&gt; org.hibernate.type.UUIDCharType@c1b2d2
2016-11-04 04:25:20 DEBUG BasicTypeRegistry:143 - Adding type registration pg-uuid -&gt; org.hibernate.type.PostgresUUIDType@5232e9
2016-11-04 04:25:20 DEBUG BasicTypeRegistry:143 - Adding type registration binary -&gt; org.hibernate.type.BinaryType@60acfb
2016-11-04 04:25:20 DEBUG BasicTypeRegistry:143 - Adding type registration byte[] -&gt; org.hibernate.type.BinaryType@60acfb
2016-11-04 04:25:20 DEBUG BasicTypeRegistry:143 - Adding type registration [B -&gt; org.hibernate.type.BinaryType@60acfb
2016-11-04 04:25:20 DEBUG BasicTypeRegistry:143 - Adding type registration wrapper-binary -&gt; org.hibernate.type.WrapperBinaryType@1385f75
2016-11-04 04:25:20 DEBUG BasicTypeRegistry:143 - Adding type registration Byte[] -&gt; org.hibernate.type.WrapperBinaryType@1385f75
2016-11-04 04:25:20 DEBUG BasicTypeRegistry:143 - Adding type registration [Ljava.lang.Byte; -&gt; org.hibernate.type.WrapperBinaryType@1385f75
2016-11-04 04:25:20 DEBUG BasicTypeRegistry:143 - Adding type registration image -&gt; org.hibernate.type.ImageType@136c2f0
2016-11-04 04:25:20 DEBUG BasicTypeRegistry:143 - Adding type registration characters -&gt; org.hibernate.type.CharArrayType@135a229
2016-11-04 04:25:20 DEBUG BasicTypeRegistry:143 - Adding type registration char[] -&gt; org.hibernate.type.CharArrayType@135a229
2016-11-04 04:25:20 DEBUG BasicTypeRegistry:143 - Adding type registration [C -&gt; org.hibernate.type.CharArrayType@135a229
2016-11-04 04:25:20 DEBUG BasicTypeRegistry:143 - Adding type registration wrapper-characters -&gt; org.hibernate.type.CharacterArrayType@1dc3712
2016-11-04 04:25:20 DEBUG BasicTypeRegistry:143 - Adding type registration [Ljava.lang.Character; -&gt; org.hibernate.type.CharacterArrayType@1dc3712
2016-11-04 04:25:20 DEBUG BasicTypeRegistry:143 - Adding type registration Character[] -&gt; org.hibernate.type.CharacterArrayType@1dc3712
2016-11-04 04:25:20 DEBUG BasicTypeRegistry:143 - Adding type registration text -&gt; org.hibernate.type.TextType@1e1d0a4
2016-11-04 04:25:20 DEBUG BasicTypeRegistry:143 - Adding type registration blob -&gt; org.hibernate.type.BlobType@e203eb
2016-11-04 04:25:20 DEBUG BasicTypeRegistry:143 - Adding type registration java.sql.Blob -&gt; org.hibernate.type.BlobType@e203eb
2016-11-04 04:25:20 DEBUG BasicTypeRegistry:143 - Adding type registration materialized_blob -&gt; org.hibernate.type.MaterializedBlobType@db1c0e
2016-11-04 04:25:20 DEBUG BasicTypeRegistry:143 - Adding type registration clob -&gt; org.hibernate.type.ClobType@1b4dd34
2016-11-04 04:25:20 DEBUG BasicTypeRegistry:143 - Adding type registration java.sql.Clob -&gt; org.hibernate.type.ClobType@1b4dd34
2016-11-04 04:25:20 DEBUG BasicTypeRegistry:143 - Adding type registration materialized_clob -&gt; org.hibernate.type.MaterializedClobType@18729ff
2016-11-04 04:25:20 DEBUG BasicTypeRegistry:143 - Adding type registration serializable -&gt; org.hibernate.type.SerializableType@287ea3
2016-11-04 04:25:20 DEBUG BasicTypeRegistry:143 - Adding type registration object -&gt; org.hibernate.type.ObjectType@fa769e
2016-11-04 04:25:20 DEBUG BasicTypeRegistry:143 - Adding type registration java.lang.Object -&gt; org.hibernate.type.ObjectType@fa769e
2016-11-04 04:25:20 DEBUG BasicTypeRegistry:143 - Adding type registration imm_date -&gt; org.hibernate.type.AdaptedImmutableType@78324b
2016-11-04 04:25:20 DEBUG BasicTypeRegistry:143 - Adding type registration imm_time -&gt; org.hibernate.type.AdaptedImmutableType@19defdc
2016-11-04 04:25:20 DEBUG BasicTypeRegistry:143 - Adding type registration imm_timestamp -&gt; org.hibernate.type.AdaptedImmutableType@317edc
2016-11-04 04:25:20 DEBUG BasicTypeRegistry:143 - Adding type registration imm_dbtimestamp -&gt; org.hibernate.type.AdaptedImmutableType@ae11f
2016-11-04 04:25:20 DEBUG BasicTypeRegistry:143 - Adding type registration imm_calendar -&gt; org.hibernate.type.AdaptedImmutableType@18d68ff
2016-11-04 04:25:20 DEBUG BasicTypeRegistry:143 - Adding type registration imm_calendar_date -&gt; org.hibernate.type.AdaptedImmutableType@186805d
2016-11-04 04:25:20 DEBUG BasicTypeRegistry:143 - Adding type registration imm_binary -&gt; org.hibernate.type.AdaptedImmutableType@52c06f
2016-11-04 04:25:20 DEBUG BasicTypeRegistry:143 - Adding type registration imm_serializable -&gt; org.hibernate.type.AdaptedImmutableType@149c063
2016-11-04 04:25:20 INFO  Version:37 - HCANN000001: Hibernate Commons Annotations {4.0.1.Final}
2016-11-04 04:25:20 INFO  Version:41 - HHH000412: Hibernate Core {4.0.1.Final}
2016-11-04 04:25:20 INFO  Environment:239 - HHH000206: hibernate.properties not found
2016-11-04 04:25:20 INFO  Environment:342 - HHH000021: Bytecode provider name : javassist
2016-11-04 04:25:20 DEBUG DefaultIdentifierGeneratorFactory:93 - Registering IdentifierGenerator strategy [uuid2] -&gt; [org.hibernate.id.UUIDGenerator]
2016-11-04 04:25:20 DEBUG DefaultIdentifierGeneratorFactory:93 - Registering IdentifierGenerator strategy [guid] -&gt; [org.hibernate.id.GUIDGenerator]
2016-11-04 04:25:20 DEBUG DefaultIdentifierGeneratorFactory:93 - Registering IdentifierGenerator strategy [uuid] -&gt; [org.hibernate.id.UUIDHexGenerator]
2016-11-04 04:25:20 DEBUG DefaultIdentifierGeneratorFactory:93 - Registering IdentifierGenerator strategy [uuid.hex] -&gt; [org.hibernate.id.UUIDHexGenerator]
2016-11-04 04:25:20 DEBUG DefaultIdentifierGeneratorFactory:93 - Registering IdentifierGenerator strategy [hilo] -&gt; [org.hibernate.id.TableHiLoGenerator]
2016-11-04 04:25:20 DEBUG DefaultIdentifierGeneratorFactory:93 - Registering IdentifierGenerator strategy [assigned] -&gt; [org.hibernate.id.Assigned]
2016-11-04 04:25:20 DEBUG DefaultIdentifierGeneratorFactory:93 - Registering IdentifierGenerator strategy [identity] -&gt; [org.hibernate.id.IdentityGenerator]
2016-11-04 04:25:20 DEBUG DefaultIdentifierGeneratorFactory:93 - Registering IdentifierGenerator strategy [select] -&gt; [org.hibernate.id.SelectGenerator]
2016-11-04 04:25:20 DEBUG DefaultIdentifierGeneratorFactory:93 - Registering IdentifierGenerator strategy [sequence] -&gt; [org.hibernate.id.SequenceGenerator]
2016-11-04 04:25:20 DEBUG DefaultIdentifierGeneratorFactory:93 - Registering IdentifierGenerator strategy [seqhilo] -&gt; [org.hibernate.id.SequenceHiLoGenerator]
2016-11-04 04:25:20 DEBUG DefaultIdentifierGeneratorFactory:93 - Registering IdentifierGenerator strategy [increment] -&gt; [org.hibernate.id.IncrementGenerator]
2016-11-04 04:25:20 DEBUG DefaultIdentifierGeneratorFactory:93 - Registering IdentifierGenerator strategy [foreign] -&gt; [org.hibernate.id.ForeignGenerator]
2016-11-04 04:25:20 DEBUG DefaultIdentifierGeneratorFactory:93 - Registering IdentifierGenerator strategy [sequence-identity] -&gt; [org.hibernate.id.SequenceIdentityGenerator]
2016-11-04 04:25:20 DEBUG DefaultIdentifierGeneratorFactory:93 - Registering IdentifierGenerator strategy [enhanced-sequence] -&gt; [org.hibernate.id.enhanced.SequenceStyleGenerator]
2016-11-04 04:25:20 DEBUG DefaultIdentifierGeneratorFactory:93 - Registering IdentifierGenerator strategy [enhanced-table] -&gt; [org.hibernate.id.enhanced.TableGenerator]
2016-11-04 04:25:20 DEBUG IntegratorServiceImpl:59 - Adding Integrator [org.hibernate.cfg.beanvalidation.BeanValidationIntegrator].
2016-11-04 04:25:20 DEBUG Configuration:1722 - Preparing to build session factory with filters : {}
2016-11-04 04:25:20 DEBUG Configuration:3366 - Processing hbm.xml files
2016-11-04 04:25:20 DEBUG Configuration:3396 - Process annotated classes
2016-11-04 04:25:20 DEBUG AnnotationBinder:528 - Binding entity from annotated class: com.niit.binder.model.Users
2016-11-04 04:25:20 DEBUG Ejb3Column:196 - Binding column: Ejb3DiscriminatorColumn{logicalColumnName&apos;DTYPE&apos;, discriminatorTypeName=&apos;string&apos;}
2016-11-04 04:25:20 DEBUG AnnotationBinder:988 - No value specified for &apos;javax.persistence.sharedCache.mode&apos;; using UNSPECIFIED
2016-11-04 04:25:20 DEBUG EntityBinder:354 - Import with entity name Users
2016-11-04 04:25:20 DEBUG EntityBinder:524 - Bind entity com.niit.binder.model.Users on table B_USER
2016-11-04 04:25:20 DEBUG Ejb3Column:196 - Binding column: Ejb3Column{table=org.hibernate.mapping.Table(B_USER), mappingColumn=id, insertable=true, updatable=true, unique=false}
2016-11-04 04:25:20 DEBUG PropertyBinder:176 - MetadataSourceProcessor property id with lazy=false
2016-11-04 04:25:20 DEBUG SimpleValueBinder:304 - building SimpleValue for id
2016-11-04 04:25:20 DEBUG PropertyBinder:256 - Building property id
2016-11-04 04:25:20 DEBUG Ejb3Column:196 - Binding column: Ejb3Column{table=org.hibernate.mapping.Table(B_USER), mappingColumn=email, insertable=true, updatable=true, unique=false}
2016-11-04 04:25:20 DEBUG PropertyBinder:176 - MetadataSourceProcessor property email with lazy=false
2016-11-04 04:25:20 DEBUG SimpleValueBinder:304 - building SimpleValue for email
2016-11-04 04:25:20 DEBUG PropertyBinder:256 - Building property email
2016-11-04 04:25:20 DEBUG Ejb3Column:196 - Binding column: Ejb3Column{table=org.hibernate.mapping.Table(B_USER), mappingColumn=gender, insertable=true, updatable=true, unique=false}
2016-11-04 04:25:20 DEBUG PropertyBinder:176 - MetadataSourceProcessor property gender with lazy=false
2016-11-04 04:25:20 DEBUG SimpleValueBinder:304 - building SimpleValue for gender
2016-11-04 04:25:20 DEBUG PropertyBinder:256 - Building property gender
2016-11-04 04:25:20 DEBUG Ejb3Column:196 - Binding column: Ejb3Column{table=org.hibernate.mapping.Table(B_USER), mappingColumn=image, insertable=true, updatable=true, unique=false}
2016-11-04 04:25:20 DEBUG PropertyBinder:176 - MetadataSourceProcessor property image with lazy=false
2016-11-04 04:25:20 DEBUG SimpleValueBinder:304 - building SimpleValue for image
2016-11-04 04:25:20 DEBUG PropertyBinder:256 - Building property image
2016-11-04 04:25:20 DEBUG Ejb3Column:196 - Binding column: Ejb3Column{table=org.hibernate.mapping.Table(B_USER), mappingColumn=isOnline, insertable=true, updatable=true, unique=false}
2016-11-04 04:25:20 DEBUG PropertyBinder:176 - MetadataSourceProcessor property isOnline with lazy=false
2016-11-04 04:25:20 DEBUG SimpleValueBinder:304 - building SimpleValue for isOnline
2016-11-04 04:25:20 DEBUG PropertyBinder:256 - Building property isOnline
2016-11-04 04:25:20 DEBUG Ejb3Column:196 - Binding column: Ejb3Column{table=org.hibernate.mapping.Table(B_USER), mappingColumn=name, insertable=true, updatable=true, unique=false}
2016-11-04 04:25:20 DEBUG PropertyBinder:176 - MetadataSourceProcessor property name with lazy=false
2016-11-04 04:25:20 DEBUG SimpleValueBinder:304 - building SimpleValue for name
2016-11-04 04:25:20 DEBUG PropertyBinder:256 - Building property name
2016-11-04 04:25:20 DEBUG Ejb3Column:196 - Binding column: Ejb3Column{table=org.hibernate.mapping.Table(B_USER), mappingColumn=password, insertable=true, updatable=true, unique=false}
2016-11-04 04:25:20 DEBUG PropertyBinder:176 - MetadataSourceProcessor property password with lazy=false
2016-11-04 04:25:20 DEBUG SimpleValueBinder:304 - building SimpleValue for password
2016-11-04 04:25:20 DEBUG PropertyBinder:256 - Building property password
2016-11-04 04:25:20 DEBUG Ejb3Column:196 - Binding column: Ejb3Column{table=org.hibernate.mapping.Table(B_USER), mappingColumn=phone, insertable=true, updatable=true, unique=false}
2016-11-04 04:25:20 DEBUG PropertyBinder:176 - MetadataSourceProcessor property phone with lazy=false
2016-11-04 04:25:20 DEBUG SimpleValueBinder:304 - building SimpleValue for phone
2016-11-04 04:25:20 DEBUG PropertyBinder:256 - Building property phone
2016-11-04 04:25:20 DEBUG Ejb3Column:196 - Binding column: Ejb3Column{table=org.hibernate.mapping.Table(B_USER), mappingColumn=photos, insertable=true, updatable=true, unique=false}
2016-11-04 04:25:20 DEBUG PropertyBinder:176 - MetadataSourceProcessor property photos with lazy=false
2016-11-04 04:25:20 DEBUG SimpleValueBinder:304 - building SimpleValue for photos
2016-11-04 04:25:20 DEBUG PropertyBinder:256 - Building property photos
2016-11-04 04:25:20 DEBUG Ejb3Column:196 - Binding column: Ejb3Column{table=org.hibernate.mapping.Table(B_USER), mappingColumn=role, insertable=true, updatable=true, unique=false}
2016-11-04 04:25:20 DEBUG PropertyBinder:176 - MetadataSourceProcessor property role with lazy=false
2016-11-04 04:25:20 DEBUG SimpleValueBinder:304 - building SimpleValue for role
2016-11-04 04:25:20 DEBUG PropertyBinder:256 - Building property role
2016-11-04 04:25:20 DEBUG AnnotationBinder:528 - Binding entity from annotated class: com.niit.binder.model.Blog
2016-11-04 04:25:20 DEBUG Ejb3Column:196 - Binding column: Ejb3DiscriminatorColumn{logicalColumnName&apos;DTYPE&apos;, discriminatorTypeName=&apos;string&apos;}
2016-11-04 04:25:20 DEBUG AnnotationBinder:988 - No value specified for &apos;javax.persistence.sharedCache.mode&apos;; using UNSPECIFIED
2016-11-04 04:25:20 DEBUG EntityBinder:354 - Import with entity name Blog
2016-11-04 04:25:20 DEBUG EntityBinder:524 - Bind entity com.niit.binder.model.Blog on table b_blog
2016-11-04 04:25:20 DEBUG Ejb3Column:196 - Binding column: Ejb3Column{table=org.hibernate.mapping.Table(b_blog), mappingColumn=id, insertable=true, updatable=true, unique=false}
2016-11-04 04:25:20 DEBUG PropertyBinder:176 - MetadataSourceProcessor property id with lazy=false
2016-11-04 04:25:20 DEBUG SimpleValueBinder:304 - building SimpleValue for id
2016-11-04 04:25:20 DEBUG PropertyBinder:256 - Building property id
2016-11-04 04:25:20 DEBUG Ejb3Column:196 - Binding column: Ejb3Column{table=org.hibernate.mapping.Table(b_blog), mappingColumn=content, insertable=true, updatable=true, unique=false}
2016-11-04 04:25:20 DEBUG PropertyBinder:176 - MetadataSourceProcessor property content with lazy=false
2016-11-04 04:25:20 DEBUG SimpleValueBinder:304 - building SimpleValue for content
2016-11-04 04:25:20 DEBUG PropertyBinder:256 - Building property content
2016-11-04 04:25:20 DEBUG Ejb3Column:196 - Binding column: Ejb3Column{table=org.hibernate.mapping.Table(b_blog), mappingColumn=post_date, insertable=true, updatable=true, unique=false}
2016-11-04 04:25:20 DEBUG PropertyBinder:176 - MetadataSourceProcessor property postDate with lazy=false
2016-11-04 04:25:20 DEBUG SimpleValueBinder:304 - building SimpleValue for postDate
2016-11-04 04:25:20 DEBUG PropertyBinder:256 - Building property postDate
2016-11-04 04:25:20 DEBUG Ejb3Column:196 - Binding column: Ejb3Column{table=org.hibernate.mapping.Table(b_blog), mappingColumn=reason, insertable=true, updatable=true, unique=false}
2016-11-04 04:25:20 DEBUG PropertyBinder:176 - MetadataSourceProcessor property reason with lazy=false
2016-11-04 04:25:20 DEBUG SimpleValueBinder:304 - building SimpleValue for reason
2016-11-04 04:25:20 DEBUG PropertyBinder:256 - Building property reason
2016-11-04 04:25:20 DEBUG Ejb3Column:196 - Binding column: Ejb3Column{table=org.hibernate.mapping.Table(b_blog), mappingColumn=status, insertable=true, updatable=true, unique=false}
2016-11-04 04:25:20 DEBUG PropertyBinder:176 - MetadataSourceProcessor property status with lazy=false
2016-11-04 04:25:20 DEBUG SimpleValueBinder:304 - building SimpleValue for status
2016-11-04 04:25:20 DEBUG PropertyBinder:256 - Building property status
2016-11-04 04:25:20 DEBUG Ejb3Column:196 - Binding column: Ejb3Column{table=org.hibernate.mapping.Table(b_blog), mappingColumn=title, insertable=true, updatable=true, unique=false}
2016-11-04 04:25:20 DEBUG PropertyBinder:176 - MetadataSourceProcessor property title with lazy=false
2016-11-04 04:25:20 DEBUG SimpleValueBinder:304 - building SimpleValue for title
2016-11-04 04:25:20 DEBUG PropertyBinder:256 - Building property title
2016-11-04 04:25:20 DEBUG Ejb3Column:196 - Binding column: Ejb3Column{table=org.hibernate.mapping.Table(b_blog), mappingColumn=userId, insertable=true, updatable=true, unique=false}
2016-11-04 04:25:20 DEBUG PropertyBinder:176 - MetadataSourceProcessor property userId with lazy=false
2016-11-04 04:25:20 DEBUG SimpleValueBinder:304 - building SimpleValue for userId
2016-11-04 04:25:20 DEBUG PropertyBinder:256 - Building property userId
2016-11-04 04:25:20 DEBUG AnnotationBinder:528 - Binding entity from annotated class: com.niit.binder.model.Chat
2016-11-04 04:25:20 DEBUG Ejb3Column:196 - Binding column: Ejb3DiscriminatorColumn{logicalColumnName&apos;DTYPE&apos;, discriminatorTypeName=&apos;string&apos;}
[...]
2016-11-04 04:25:23 DEBUG DefaultListableBeanFactory:484 - Finished creating instance of bean &apos;forumComment&apos;
2016-11-04 04:25:23 DEBUG DefaultListableBeanFactory:251 - Returning cached instance of singleton bean &apos;friend&apos;
2016-11-04 04:25:23 DEBUG DefaultListableBeanFactory:251 - Returning cached instance of singleton bean &apos;job&apos;
2016-11-04 04:25:23 DEBUG DefaultListableBeanFactory:251 - Returning cached instance of singleton bean &apos;jobApplication&apos;
2016-11-04 04:25:23 DEBUG DefaultListableBeanFactory:251 - Returning cached instance of singleton bean &apos;users&apos;
2016-11-04 04:25:23 DEBUG DefaultListableBeanFactory:251 - Returning cached instance of singleton bean &apos;org.springframework.context.annotation.ConfigurationClassPostProcessor.importAwareProcessor&apos;
2016-11-04 04:25:23 DEBUG DefaultListableBeanFactory:251 - Returning cached instance of singleton bean &apos;org.springframework.context.annotation.ConfigurationClassPostProcessor.enhancedConfigurationProcessor&apos;
2016-11-04 04:25:23 DEBUG DefaultListableBeanFactory:251 - Returning cached instance of singleton bean &apos;org.springframework.transaction.annotation.ProxyTransactionManagementConfiguration&apos;
2016-11-04 04:25:23 DEBUG DefaultListableBeanFactory:251 - Returning cached instance of singleton bean &apos;org.springframework.transaction.config.internalTransactionAdvisor&apos;
2016-11-04 04:25:23 DEBUG DefaultListableBeanFactory:251 - Returning cached instance of singleton bean &apos;transactionAttributeSource&apos;
2016-11-04 04:25:23 DEBUG DefaultListableBeanFactory:251 - Returning cached instance of singleton bean &apos;transactionInterceptor&apos;
2016-11-04 04:25:23 DEBUG DefaultListableBeanFactory:221 - Creating shared instance of singleton bean &apos;org.springframework.transaction.config.internalTransactionalEventListenerFactory&apos;
2016-11-04 04:25:23 DEBUG DefaultListableBeanFactory:448 - Creating instance of bean &apos;org.springframework.transaction.config.internalTransactionalEventListenerFactory&apos;
2016-11-04 04:25:23 DEBUG DefaultListableBeanFactory:251 - Returning cached instance of singleton bean &apos;org.springframework.transaction.annotation.ProxyTransactionManagementConfiguration&apos;
2016-11-04 04:25:23 DEBUG DefaultListableBeanFactory:529 - Eagerly caching bean &apos;org.springframework.transaction.config.internalTransactionalEventListenerFactory&apos; to allow for resolving potential circular references
2016-11-04 04:25:23 DEBUG DefaultListableBeanFactory:251 - Returning cached instance of singleton bean &apos;org.springframework.transaction.config.internalTransactionAdvisor&apos;
2016-11-04 04:25:23 DEBUG DefaultListableBeanFactory:484 - Finished creating instance of bean &apos;org.springframework.transaction.config.internalTransactionalEventListenerFactory&apos;
2016-11-04 04:25:23 DEBUG DefaultListableBeanFactory:251 - Returning cached instance of singleton bean &apos;dataSource&apos;
2016-11-04 04:25:23 DEBUG DefaultListableBeanFactory:251 - Returning cached instance of singleton bean &apos;sessionFactory&apos;
2016-11-04 04:25:23 DEBUG DefaultListableBeanFactory:221 - Creating shared instance of singleton bean &apos;transactionManager&apos;
2016-11-04 04:25:23 DEBUG DefaultListableBeanFactory:448 - Creating instance of bean &apos;transactionManager&apos;
2016-11-04 04:25:23 DEBUG DefaultListableBeanFactory:251 - Returning cached instance of singleton bean &apos;applicationContextConfig&apos;
2016-11-04 04:25:23 DEBUG DefaultListableBeanFactory:251 - Returning cached instance of singleton bean &apos;sessionFactory&apos;
2016-11-04 04:25:23 DEBUG DefaultListableBeanFactory:757 - Autowiring by type from bean name &apos;transactionManager&apos; via factory method to bean named &apos;sessionFactory&apos;
2016-11-04 04:25:23 INFO  HibernateTransactionManager:360 - Using DataSource [org.springframework.jdbc.datasource.DriverManagerDataSource@8e319b] of Hibernate SessionFactory for HibernateTransactionManager
2016-11-04 04:25:23 DEBUG DefaultListableBeanFactory:529 - Eagerly caching bean &apos;transactionManager&apos; to allow for resolving potential circular references
2016-11-04 04:25:23 DEBUG DefaultListableBeanFactory:1620 - Invoking afterPropertiesSet() on bean with name &apos;transactionManager&apos;
2016-11-04 04:25:23 DEBUG DefaultListableBeanFactory:251 - Returning cached instance of singleton bean &apos;org.springframework.transaction.config.internalTransactionAdvisor&apos;
2016-11-04 04:25:23 DEBUG DefaultListableBeanFactory:484 - Finished creating instance of bean &apos;transactionManager&apos;
2016-11-04 04:25:23 DEBUG DefaultListableBeanFactory:251 - Returning cached instance of singleton bean &apos;org.springframework.aop.config.internalAutoProxyCreator&apos;
2016-11-04 04:25:23 DEBUG DefaultListableBeanFactory:251 - Returning cached instance of singleton bean &apos;org.springframework.context.event.internalEventListenerFactory&apos;
2016-11-04 04:25:23 DEBUG DefaultListableBeanFactory:251 - Returning cached instance of singleton bean &apos;org.springframework.transaction.config.internalTransactionalEventListenerFactory&apos;
2016-11-04 04:25:23 DEBUG AnnotationConfigApplicationContext:779 - Unable to locate LifecycleProcessor with name &apos;lifecycleProcessor&apos;: using default [org.springframework.context.support.DefaultLifecycleProcessor@1d7b27f]
2016-11-04 04:25:23 DEBUG DefaultListableBeanFactory:251 - Returning cached instance of singleton bean &apos;lifecycleProcessor&apos;
2016-11-04 04:25:23 DEBUG PropertySourcesPropertyResolver:91 - Could not find key &apos;spring.liveBeansView.mbeanDomain&apos; in any property source
2016-11-04 04:25:23 DEBUG DefaultListableBeanFactory:251 - Returning cached instance of singleton bean &apos;forumDAO&apos;
2016-11-04 04:25:23 DEBUG DefaultListableBeanFactory:251 - Returning cached instance of singleton bean &apos;forum&apos;
2016-11-04 04:25:23 DEBUG AnnotationTransactionAttributeSource:108 - Adding transactional method &apos;ForumDAOImpl.list&apos; with attribute: PROPAGATION_REQUIRED,ISOLATION_DEFAULT; &apos;&apos;
2016-11-04 04:25:23 DEBUG DefaultListableBeanFactory:251 - Returning cached instance of singleton bean &apos;transactionManager&apos;
2016-11-04 04:25:23 DEBUG HibernateTransactionManager:367 - Creating new transaction with name [com.niit.binder.dao.impl.ForumDAOImpl.list]: PROPAGATION_REQUIRED,ISOLATION_DEFAULT; &apos;&apos;
2016-11-04 04:25:23 DEBUG SessionImpl:243 - Opened session at timestamp: 14782137233
2016-11-04 04:25:23 DEBUG HibernateTransactionManager:438 - Opened new Session [SessionImpl(PersistenceContext[entityKeys=[],collectionKeys=[]];ActionQueue[insertions=[] updates=[] deletions=[] collectionCreations=[] collectionRemovals=[] collectionUpdates=[]])] for Hibernate transaction
2016-11-04 04:25:23 DEBUG HibernateTransactionManager:448 - Preparing JDBC Connection of Hibernate Session [SessionImpl(PersistenceContext[entityKeys=[],collectionKeys=[]];ActionQueue[insertions=[] updates=[] deletions=[] collectionCreations=[] collectionRemovals=[] collectionUpdates=[]])]
2016-11-04 04:25:23 DEBUG AbstractTransactionImpl:158 - begin
2016-11-04 04:25:23 DEBUG LogicalConnectionImpl:295 - Obtaining JDBC connection
2016-11-04 04:25:23 DEBUG DriverManagerDataSource:142 - Creating new JDBC DriverManager Connection to [jdbc:oracle:thin:@localhost:1521:XE]
2016-11-04 04:25:23 DEBUG LogicalConnectionImpl:301 - Obtained JDBC connection
2016-11-04 04:25:23 DEBUG JdbcTransaction:69 - initial autocommit status: true
2016-11-04 04:25:23 DEBUG JdbcTransaction:71 - disabling autocommit
2016-11-04 04:25:23 DEBUG HibernateTransactionManager:516 - Exposing Hibernate transaction as JDBC transaction [org.hibernate.engine.jdbc.internal.proxy.ConnectionProxyHandler@bc415e[valid=true]]
2016-11-04 04:25:23 DEBUG ForumDAOImpl:126 - **********Starting of list() method.
2016-11-04 04:25:23 DEBUG QueryTranslatorImpl:265 - parse() - HQL:  from com.niit.binder.model.Forum 
2016-11-04 04:25:23 DEBUG QueryTranslatorImpl:283 - --- HQL AST ---
 \-[QUERY] Node: &apos;query&apos;
    \-[SELECT_FROM] Node: &apos;SELECT_FROM&apos;
       \-[FROM] Node: &apos;from&apos;
          \-[RANGE] Node: &apos;RANGE&apos;
             \-[DOT] Node: &apos;.&apos;
                +-[DOT] Node: &apos;.&apos;
                |  +-[DOT] Node: &apos;.&apos;
                |  |  +-[DOT] Node: &apos;.&apos;
                |  |  |  +-[IDENT] Node: &apos;com&apos;
                |  |  |  \-[IDENT] Node: &apos;niit&apos;
                |  |  \-[IDENT] Node: &apos;binder&apos;
                |  \-[IDENT] Node: &apos;model&apos;
                \-[IDENT] Node: &apos;Forum&apos;

2016-11-04 04:25:23 DEBUG ErrorCounter:82 - throwQueryException() : no errors
2016-11-04 04:25:23 DEBUG HqlSqlBaseWalker:109 - select &lt;&lt; begin [level=1, statement=select]
2016-11-04 04:25:23 DEBUG FromElement:157 - FromClause{level=1} : com.niit.binder.model.Forum (&lt;no alias&gt;) -&gt; forum0_
2016-11-04 04:25:23 DEBUG HqlSqlBaseWalker:113 - select : finishing up [level=1, statement=select]
2016-11-04 04:25:23 DEBUG HqlSqlWalker:631 - processQuery() :  ( SELECT ( FromClause{level=1} b_forum forum0_ ) )
2016-11-04 04:25:23 DEBUG HqlSqlWalker:871 - Derived SELECT clause created.
2016-11-04 04:25:23 DEBUG JoinProcessor:175 - Using FROM fragment [b_forum forum0_]
2016-11-04 04:25:23 DEBUG HqlSqlBaseWalker:117 - select &gt;&gt; end [level=1, statement=select]
2016-11-04 04:25:23 DEBUG QueryTranslatorImpl:252 - --- SQL AST ---
 \-[SELECT] QueryNode: &apos;SELECT&apos;  querySpaces (b_forum)
    +-[SELECT_CLAUSE] SelectClause: &apos;{derived select clause}&apos;
    |  +-[SELECT_EXPR] SelectExpressionImpl: &apos;forum0_.id as id6_&apos; {FromElement{explicit,not a collection join,not a fetch join,fetch non-lazy properties,classAlias=null,role=null,tableName=b_forum,tableAlias=forum0_,origin=null,columns={,className=com.niit.binder.model.Forum}}}
    |  \-[SQL_TOKEN] SqlFragment: &apos;forum0_.description as descript2_6_, forum0_.post_date as post3_6_, forum0_.userId as userId6_&apos;
    \-[FROM] FromClause: &apos;from&apos; FromClause{level=1, fromElementCounter=1, fromElements=1, fromElementByClassAlias=[], fromElementByTableAlias=[forum0_], fromElementsByPath=[], collectionJoinFromElementsByPath=[], impliedElements=[]}
       \-[FROM_FRAGMENT] FromElement: &apos;b_forum forum0_&apos; FromElement{explicit,not a collection join,not a fetch join,fetch non-lazy properties,classAlias=null,role=null,tableName=b_forum,tableAlias=forum0_,origin=null,columns={,className=com.niit.binder.model.Forum}}

2016-11-04 04:25:23 DEBUG ErrorCounter:82 - throwQueryException() : no errors
2016-11-04 04:25:23 DEBUG QueryTranslatorImpl:235 - HQL:  from com.niit.binder.model.Forum 
2016-11-04 04:25:23 DEBUG QueryTranslatorImpl:236 - SQL: select forum0_.id as id6_, forum0_.description as descript2_6_, forum0_.post_date as post3_6_, forum0_.userId as userId6_ from b_forum forum0_
2016-11-04 04:25:23 DEBUG ErrorCounter:82 - throwQueryException() : no errors
2016-11-04 04:25:23 DEBUG ForumDAOImpl:129 - **********End of list() method.
2016-11-04 04:25:23 DEBUG SQL:104 - select forum0_.id as id6_, forum0_.description as descript2_6_, forum0_.post_date as post3_6_, forum0_.userId as userId6_ from b_forum forum0_
2016-11-04 04:25:23 DEBUG Loader:854 - Result set row: 0
2016-11-04 04:25:23 DEBUG Loader:1355 - Result row: EntityKey[com.niit.binder.model.Forum#forum002]
2016-11-04 04:25:23 DEBUG Loader:854 - Result set row: 1
2016-11-04 04:25:23 DEBUG Loader:1355 - Result row: EntityKey[com.niit.binder.model.Forum#forum003]
2016-11-04 04:25:23 DEBUG Loader:854 - Result set row: 2
2016-11-04 04:25:23 DEBUG Loader:1355 - Result row: EntityKey[com.niit.binder.model.Forum#forum004]
2016-11-04 04:25:23 DEBUG Loader:854 - Result set row: 3
2016-11-04 04:25:23 DEBUG Loader:1355 - Result row: EntityKey[com.niit.binder.model.Forum#forum005]
2016-11-04 04:25:23 DEBUG Loader:854 - Result set row: 4
2016-11-04 04:25:23 DEBUG Loader:1355 - Result row: EntityKey[com.niit.binder.model.Forum#forum001]
2016-11-04 04:25:23 DEBUG Loader:854 - Result set row: 5
2016-11-04 04:25:23 DEBUG Loader:1355 - Result row: EntityKey[com.niit.binder.model.Forum#forum006]
2016-11-04 04:25:23 DEBUG TwoPhaseLoad:140 - Resolving associations for [com.niit.binder.model.Forum#forum002]
2016-11-04 04:25:23 DEBUG TwoPhaseLoad:271 - Done materializing entity [com.niit.binder.model.Forum#forum002]
2016-11-04 04:25:23 DEBUG TwoPhaseLoad:140 - Resolving associations for [com.niit.binder.model.Forum#forum003]
2016-11-04 04:25:23 DEBUG TwoPhaseLoad:271 - Done materializing entity [com.niit.binder.model.Forum#forum003]
2016-11-04 04:25:23 DEBUG TwoPhaseLoad:140 - Resolving associations for [com.niit.binder.model.Forum#forum004]
2016-11-04 04:25:23 DEBUG TwoPhaseLoad:271 - Done materializing entity [com.niit.binder.model.Forum#forum004]
2016-11-04 04:25:23 DEBUG TwoPhaseLoad:140 - Resolving associations for [com.niit.binder.model.Forum#forum005]
2016-11-04 04:25:23 DEBUG TwoPhaseLoad:271 - Done materializing entity [com.niit.binder.model.Forum#forum005]
2016-11-04 04:25:23 DEBUG TwoPhaseLoad:140 - Resolving associations for [com.niit.binder.model.Forum#forum001]
2016-11-04 04:25:23 DEBUG TwoPhaseLoad:271 - Done materializing entity [com.niit.binder.model.Forum#forum001]
2016-11-04 04:25:23 DEBUG TwoPhaseLoad:140 - Resolving associations for [com.niit.binder.model.Forum#forum006]
2016-11-04 04:25:23 DEBUG TwoPhaseLoad:271 - Done materializing entity [com.niit.binder.model.Forum#forum006]
2016-11-04 04:25:23 DEBUG StatefulPersistenceContext:899 - Initializing non-lazy collections
2016-11-04 04:25:23 DEBUG HibernateTransactionManager:759 - Initiating transaction commit
2016-11-04 04:25:23 DEBUG HibernateTransactionManager:580 - Committing Hibernate transaction on Session [SessionImpl(PersistenceContext[entityKeys=[EntityKey[com.niit.binder.model.Forum#forum004], EntityKey[com.niit.binder.model.Forum#forum003], EntityKey[com.niit.binder.model.Forum#forum002], EntityKey[com.niit.binder.model.Forum#forum001], EntityKey[com.niit.binder.model.Forum#forum006], EntityKey[com.niit.binder.model.Forum#forum005]],collectionKeys=[]];ActionQueue[insertions=[] updates=[] deletions=[] collectionCreations=[] collectionRemovals=[] collectionUpdates=[]])]
2016-11-04 04:25:23 DEBUG AbstractTransactionImpl:173 - committing
2016-11-04 04:25:23 DEBUG AbstractFlushingEventListener:143 - Processing flush-time cascades
2016-11-04 04:25:23 DEBUG AbstractFlushingEventListener:183 - Dirty checking collections
2016-11-04 04:25:23 DEBUG AbstractFlushingEventListener:117 - Flushed: 0 insertions, 0 updates, 0 deletions to 6 objects
2016-11-04 04:25:23 DEBUG AbstractFlushingEventListener:124 - Flushed: 0 (re)creations, 0 updates, 0 removals to 0 collections
2016-11-04 04:25:23 DEBUG EntityPrinter:114 - Listing entities:
2016-11-04 04:25:23 DEBUG EntityPrinter:121 - com.niit.binder.model.Forum{description=Lorem ipsum dolor sit amet, consectetur adipiscing elit, sed do eiusmod tempor incididunt ut labore et dolore magna aliqua. Ut enim ad minim veniam, quis nostrud exercitation ullamco laboris nisi ut aliquip ex ea commodo consequat. Duis aute irure dolor in reprehenderit in voluptate velit esse cillum dolore eu fugiat nulla pariatur. Excepteur sint occaecat cupidatat non proident, sunt in culpa qui officia deserunt mollit anim id est laborum., postDate=2016-10-21 00:00:00.0, id=forum004, userId=sudip001}
2016-11-04 04:25:23 DEBUG EntityPrinter:121 - com.niit.binder.model.Forum{description=Lorem ipsum dolor sit amet, consectetur adipiscing elit, sed do eiusmod tempor incididunt ut labore et dolore magna aliqua. Ut enim ad minim veniam, quis nostrud exercitation ullamco laboris nisi ut aliquip ex ea commodo consequat. Duis aute irure dolor in reprehenderit in voluptate velit esse cillum dolore eu fugiat nulla pariatur. Excepteur sint occaecat cupidatat non proident, sunt in culpa qui officia deserunt mollit anim id est laborum., postDate=2016-10-21 23:57:34.0, id=forum003, userId=sovan001}
2016-11-04 04:25:23 DEBUG EntityPrinter:121 - com.niit.binder.model.Forum{description=Lorem ipsum dolor sit amet, consectetur adipiscing elit, sed do eiusmod tempor incididunt ut labore et dolore magna aliqua. Ut enim ad minim veniam, quis nostrud exercitation ullamco laboris nisi ut aliquip ex ea commodo consequat. Duis aute irure dolor in reprehenderit in voluptate velit esse cillum dolore eu fugiat nulla pariatur. Excepteur sint occaecat cupidatat non proident, sunt in culpa qui officia deserunt mollit anim id est laborum., postDate=2016-10-22 23:56:59.0, id=forum002, userId=sudipta001}
2016-11-04 04:25:23 DEBUG EntityPrinter:121 - com.niit.binder.model.Forum{description=Lorem ipsum dolor sit amet, consectetur adipiscing elit, sed do eiusmod tempor incididunt ut labore et dolore magna aliqua. Ut enim ad minim veniam, quis nostrud exercitation ullamco laboris nisi ut aliquip ex ea commodo consequat. Duis aute irure dolor in reprehenderit in voluptate velit esse cillum dolore eu fugiat nulla pariatur. Excepteur sint occaecat cupidatat non proident, sunt in culpa qui officia deserunt mollit anim id est laborum., postDate=2016-10-23 00:00:00.0, id=forum001, userId=sovan001}
2016-11-04 04:25:23 DEBUG EntityPrinter:121 - com.niit.binder.model.Forum{description=Lorem ipsum dolor sit amet, consectetur adipiscing elit, sed do eiusmod tempor incididunt ut labore et dolore magna aliqua. Ut enim ad minim veniam, quis nostrud exercitation ullamco laboris nisi ut aliquip ex ea commodo consequat. Duis aute irure dolor in reprehenderit in voluptate velit esse cillum dolore eu fugiat nulla pariatur. Excepteur sint occaecat cupidatat non proident, sunt in culpa qui officia deserunt mollit anim id est laborum., postDate=2016-10-21 00:00:00.0, id=forum006, userId=shilpi001}
2016-11-04 04:25:23 DEBUG EntityPrinter:121 - com.niit.binder.model.Forum{description=Lorem ipsum dolor sit amet, consectetur adipiscing elit, sed do eiusmod tempor incididunt ut labore et dolore magna aliqua. Ut enim ad minim veniam, quis nostrud exercitation ullamco laboris nisi ut aliquip ex ea commodo consequat. Duis aute irure dolor in reprehenderit in voluptate velit esse cillum dolore eu fugiat nulla pariatur. Excepteur sint occaecat cupidatat non proident, sunt in culpa qui officia deserunt mollit anim id est laborum., postDate=2016-10-23 00:00:00.0, id=forum005, userId=shamik001}
2016-11-04 04:25:23 DEBUG JdbcTransaction:113 - committed JDBC Connection
2016-11-04 04:25:23 DEBUG JdbcTransaction:126 - re-enabling autocommit
2016-11-04 04:25:23 DEBUG HibernateTransactionManager:669 - Closing Hibernate Session [SessionImpl(PersistenceContext[entityKeys=[EntityKey[com.niit.binder.model.Forum#forum004], EntityKey[com.niit.binder.model.Forum#forum003], EntityKey[com.niit.binder.model.Forum#forum002], EntityKey[com.niit.binder.model.Forum#forum001], EntityKey[com.niit.binder.model.Forum#forum006], EntityKey[com.niit.binder.model.Forum#forum005]],collectionKeys=[]];ActionQueue[insertions=[] updates=[] deletions=[] collectionCreations=[] collectionRemovals=[] collectionUpdates=[]])] after transaction
2016-11-04 04:25:23 DEBUG LogicalConnectionImpl:314 - Releasing JDBC connection
2016-11-04 04:25:23 DEBUG LogicalConnectionImpl:332 - Released JDBC connection
2016-11-04 04:25:23 DEBUG ConnectionProxyHandler:219 - HHH000163: Logical connection releasing its physical connection
2016-11-04 04:25:23 DEBUG ConnectionProxyHandler:219 - HHH000163: Logical connection releasing its physical connection
2016-11-04 04:25:23 DEBUG ConnectionProxyHandler:219 - HHH000163: Logical connection releasing its physical connection
2016-11-04 04:25:23 DEBUG ConnectionProxyHandler:219 - HHH000163: Logical connection releasing its physical connection
</system-out>
  </testcase>
</testsuite>